<?xml version="1.0" encoding="UTF-8"?>
<testng-results ignored="0" total="118" passed="118" failed="0" skipped="0">
  <reporter-output>
  </reporter-output>
  <suite started-at="2020-04-07T19:56:09 EET" name="Command line suite" finished-at="2020-04-07T19:56:34 EET" duration-ms="25747">
    <groups>
    </groups>
    <test started-at="2020-04-07T19:56:09 EET" name="Command line test" finished-at="2020-04-07T19:56:34 EET" duration-ms="25747">
      <class name="com.team1.animalproject.integrationtest.PetShopAnimalRepositoryIT">
        <test-method is-config="true" signature="springTestContextPrepareTestInstance()[pri:0, instance:com.team1.animalproject.integrationtest.PetShopAnimalRepositoryIT@3ff83cc8]" started-at="2020-04-07T19:56:32 EET" name="springTestContextPrepareTestInstance" finished-at="2020-04-07T19:56:32 EET" depends-on-methods="org.springframework.test.context.testng.AbstractTestNGSpringContextTests.springTestContextBeforeTestClass" duration-ms="6" status="PASS">
          <reporter-output>
          </reporter-output>
        </test-method> <!-- springTestContextPrepareTestInstance -->
        <test-method is-config="true" signature="springTestContextBeforeTestClass()[pri:0, instance:com.team1.animalproject.integrationtest.PetShopAnimalRepositoryIT@3ff83cc8]" started-at="2020-04-07T19:56:32 EET" name="springTestContextBeforeTestClass" finished-at="2020-04-07T19:56:32 EET" duration-ms="0" status="PASS">
          <reporter-output>
          </reporter-output>
        </test-method> <!-- springTestContextBeforeTestClass -->
        <test-method is-config="true" signature="springTestContextBeforeTestMethod(java.lang.reflect.Method)[pri:0, instance:com.team1.animalproject.integrationtest.PetShopAnimalRepositoryIT@3ff83cc8]" started-at="2020-04-07T19:56:32 EET" name="springTestContextBeforeTestMethod" finished-at="2020-04-07T19:56:32 EET" duration-ms="0" status="PASS">
          <params>
            <param index="0">
              <value>
                <![CDATA[public void com.team1.animalproject.integrationtest.PetShopAnimalRepositoryIT.delete()]]>
              </value>
            </param>
          </params>
          <reporter-output>
          </reporter-output>
        </test-method> <!-- springTestContextBeforeTestMethod -->
        <test-method signature="delete()[pri:0, instance:com.team1.animalproject.integrationtest.PetShopAnimalRepositoryIT@3ff83cc8]" started-at="2020-04-07T19:56:32 EET" name="delete" finished-at="2020-04-07T19:56:32 EET" duration-ms="21" status="PASS">
          <reporter-output>
          </reporter-output>
        </test-method> <!-- delete -->
        <test-method is-config="true" signature="springTestContextAfterTestMethod(java.lang.reflect.Method)[pri:0, instance:com.team1.animalproject.integrationtest.PetShopAnimalRepositoryIT@3ff83cc8]" started-at="2020-04-07T19:56:32 EET" name="springTestContextAfterTestMethod" finished-at="2020-04-07T19:56:32 EET" duration-ms="1" status="PASS">
          <params>
            <param index="0">
              <value>
                <![CDATA[public void com.team1.animalproject.integrationtest.PetShopAnimalRepositoryIT.delete()]]>
              </value>
            </param>
          </params>
          <reporter-output>
          </reporter-output>
        </test-method> <!-- springTestContextAfterTestMethod -->
        <test-method is-config="true" signature="springTestContextBeforeTestMethod(java.lang.reflect.Method)[pri:0, instance:com.team1.animalproject.integrationtest.PetShopAnimalRepositoryIT@3ff83cc8]" started-at="2020-04-07T19:56:32 EET" name="springTestContextBeforeTestMethod" finished-at="2020-04-07T19:56:32 EET" duration-ms="2" status="PASS">
          <params>
            <param index="0">
              <value>
                <![CDATA[public void com.team1.animalproject.integrationtest.PetShopAnimalRepositoryIT.findById()]]>
              </value>
            </param>
          </params>
          <reporter-output>
          </reporter-output>
        </test-method> <!-- springTestContextBeforeTestMethod -->
        <test-method signature="findById()[pri:0, instance:com.team1.animalproject.integrationtest.PetShopAnimalRepositoryIT@3ff83cc8]" started-at="2020-04-07T19:56:32 EET" name="findById" finished-at="2020-04-07T19:56:32 EET" duration-ms="11" status="PASS">
          <reporter-output>
          </reporter-output>
        </test-method> <!-- findById -->
        <test-method is-config="true" signature="springTestContextAfterTestMethod(java.lang.reflect.Method)[pri:0, instance:com.team1.animalproject.integrationtest.PetShopAnimalRepositoryIT@3ff83cc8]" started-at="2020-04-07T19:56:32 EET" name="springTestContextAfterTestMethod" finished-at="2020-04-07T19:56:32 EET" duration-ms="1" status="PASS">
          <params>
            <param index="0">
              <value>
                <![CDATA[public void com.team1.animalproject.integrationtest.PetShopAnimalRepositoryIT.findById()]]>
              </value>
            </param>
          </params>
          <reporter-output>
          </reporter-output>
        </test-method> <!-- springTestContextAfterTestMethod -->
        <test-method is-config="true" signature="springTestContextBeforeTestMethod(java.lang.reflect.Method)[pri:0, instance:com.team1.animalproject.integrationtest.PetShopAnimalRepositoryIT@3ff83cc8]" started-at="2020-04-07T19:56:32 EET" name="springTestContextBeforeTestMethod" finished-at="2020-04-07T19:56:32 EET" duration-ms="2" status="PASS">
          <params>
            <param index="0">
              <value>
                <![CDATA[public void com.team1.animalproject.integrationtest.PetShopAnimalRepositoryIT.getAll()]]>
              </value>
            </param>
          </params>
          <reporter-output>
          </reporter-output>
        </test-method> <!-- springTestContextBeforeTestMethod -->
        <test-method signature="getAll()[pri:0, instance:com.team1.animalproject.integrationtest.PetShopAnimalRepositoryIT@3ff83cc8]" started-at="2020-04-07T19:56:32 EET" name="getAll" finished-at="2020-04-07T19:56:32 EET" duration-ms="27" status="PASS">
          <reporter-output>
          </reporter-output>
        </test-method> <!-- getAll -->
        <test-method is-config="true" signature="springTestContextAfterTestMethod(java.lang.reflect.Method)[pri:0, instance:com.team1.animalproject.integrationtest.PetShopAnimalRepositoryIT@3ff83cc8]" started-at="2020-04-07T19:56:32 EET" name="springTestContextAfterTestMethod" finished-at="2020-04-07T19:56:32 EET" duration-ms="1" status="PASS">
          <params>
            <param index="0">
              <value>
                <![CDATA[public void com.team1.animalproject.integrationtest.PetShopAnimalRepositoryIT.getAll()]]>
              </value>
            </param>
          </params>
          <reporter-output>
          </reporter-output>
        </test-method> <!-- springTestContextAfterTestMethod -->
        <test-method is-config="true" signature="springTestContextBeforeTestMethod(java.lang.reflect.Method)[pri:0, instance:com.team1.animalproject.integrationtest.PetShopAnimalRepositoryIT@3ff83cc8]" started-at="2020-04-07T19:56:32 EET" name="springTestContextBeforeTestMethod" finished-at="2020-04-07T19:56:32 EET" duration-ms="2" status="PASS">
          <params>
            <param index="0">
              <value>
                <![CDATA[public void com.team1.animalproject.integrationtest.PetShopAnimalRepositoryIT.save()]]>
              </value>
            </param>
          </params>
          <reporter-output>
          </reporter-output>
        </test-method> <!-- springTestContextBeforeTestMethod -->
        <test-method signature="save()[pri:0, instance:com.team1.animalproject.integrationtest.PetShopAnimalRepositoryIT@3ff83cc8]" started-at="2020-04-07T19:56:32 EET" name="save" finished-at="2020-04-07T19:56:32 EET" duration-ms="12" status="PASS">
          <reporter-output>
          </reporter-output>
        </test-method> <!-- save -->
        <test-method is-config="true" signature="springTestContextAfterTestMethod(java.lang.reflect.Method)[pri:0, instance:com.team1.animalproject.integrationtest.PetShopAnimalRepositoryIT@3ff83cc8]" started-at="2020-04-07T19:56:32 EET" name="springTestContextAfterTestMethod" finished-at="2020-04-07T19:56:32 EET" duration-ms="1" status="PASS">
          <params>
            <param index="0">
              <value>
                <![CDATA[public void com.team1.animalproject.integrationtest.PetShopAnimalRepositoryIT.save()]]>
              </value>
            </param>
          </params>
          <reporter-output>
          </reporter-output>
        </test-method> <!-- springTestContextAfterTestMethod -->
        <test-method is-config="true" signature="springTestContextBeforeTestMethod(java.lang.reflect.Method)[pri:0, instance:com.team1.animalproject.integrationtest.PetShopAnimalRepositoryIT@3ff83cc8]" started-at="2020-04-07T19:56:32 EET" name="springTestContextBeforeTestMethod" finished-at="2020-04-07T19:56:32 EET" duration-ms="4" status="PASS">
          <params>
            <param index="0">
              <value>
                <![CDATA[public void com.team1.animalproject.integrationtest.PetShopAnimalRepositoryIT.update()]]>
              </value>
            </param>
          </params>
          <reporter-output>
          </reporter-output>
        </test-method> <!-- springTestContextBeforeTestMethod -->
        <test-method signature="update()[pri:0, instance:com.team1.animalproject.integrationtest.PetShopAnimalRepositoryIT@3ff83cc8]" started-at="2020-04-07T19:56:32 EET" name="update" finished-at="2020-04-07T19:56:32 EET" duration-ms="19" status="PASS">
          <reporter-output>
          </reporter-output>
        </test-method> <!-- update -->
        <test-method is-config="true" signature="springTestContextAfterTestMethod(java.lang.reflect.Method)[pri:0, instance:com.team1.animalproject.integrationtest.PetShopAnimalRepositoryIT@3ff83cc8]" started-at="2020-04-07T19:56:32 EET" name="springTestContextAfterTestMethod" finished-at="2020-04-07T19:56:32 EET" duration-ms="0" status="PASS">
          <params>
            <param index="0">
              <value>
                <![CDATA[public void com.team1.animalproject.integrationtest.PetShopAnimalRepositoryIT.update()]]>
              </value>
            </param>
          </params>
          <reporter-output>
          </reporter-output>
        </test-method> <!-- springTestContextAfterTestMethod -->
        <test-method is-config="true" signature="springTestContextAfterTestClass()[pri:0, instance:com.team1.animalproject.integrationtest.PetShopAnimalRepositoryIT@3ff83cc8]" started-at="2020-04-07T19:56:32 EET" name="springTestContextAfterTestClass" finished-at="2020-04-07T19:56:32 EET" duration-ms="0" status="PASS">
          <reporter-output>
          </reporter-output>
        </test-method> <!-- springTestContextAfterTestClass -->
      </class> <!-- com.team1.animalproject.integrationtest.PetShopAnimalRepositoryIT -->
      <class name="com.team1.animalproject.integrationtest.ShelterWorkerRepositoryIT">
        <test-method is-config="true" signature="springTestContextPrepareTestInstance()[pri:0, instance:com.team1.animalproject.integrationtest.ShelterWorkerRepositoryIT@70c3c5d7]" started-at="2020-04-07T19:56:33 EET" name="springTestContextPrepareTestInstance" finished-at="2020-04-07T19:56:33 EET" depends-on-methods="org.springframework.test.context.testng.AbstractTestNGSpringContextTests.springTestContextBeforeTestClass" duration-ms="5" status="PASS">
          <reporter-output>
          </reporter-output>
        </test-method> <!-- springTestContextPrepareTestInstance -->
        <test-method is-config="true" signature="springTestContextBeforeTestClass()[pri:0, instance:com.team1.animalproject.integrationtest.ShelterWorkerRepositoryIT@70c3c5d7]" started-at="2020-04-07T19:56:33 EET" name="springTestContextBeforeTestClass" finished-at="2020-04-07T19:56:33 EET" duration-ms="0" status="PASS">
          <reporter-output>
          </reporter-output>
        </test-method> <!-- springTestContextBeforeTestClass -->
        <test-method is-config="true" signature="springTestContextBeforeTestMethod(java.lang.reflect.Method)[pri:0, instance:com.team1.animalproject.integrationtest.ShelterWorkerRepositoryIT@70c3c5d7]" started-at="2020-04-07T19:56:33 EET" name="springTestContextBeforeTestMethod" finished-at="2020-04-07T19:56:33 EET" duration-ms="1" status="PASS">
          <params>
            <param index="0">
              <value>
                <![CDATA[public void com.team1.animalproject.integrationtest.ShelterWorkerRepositoryIT.delete()]]>
              </value>
            </param>
          </params>
          <reporter-output>
          </reporter-output>
        </test-method> <!-- springTestContextBeforeTestMethod -->
        <test-method signature="delete()[pri:0, instance:com.team1.animalproject.integrationtest.ShelterWorkerRepositoryIT@70c3c5d7]" started-at="2020-04-07T19:56:33 EET" name="delete" finished-at="2020-04-07T19:56:33 EET" duration-ms="22" status="PASS">
          <reporter-output>
          </reporter-output>
        </test-method> <!-- delete -->
        <test-method is-config="true" signature="springTestContextAfterTestMethod(java.lang.reflect.Method)[pri:0, instance:com.team1.animalproject.integrationtest.ShelterWorkerRepositoryIT@70c3c5d7]" started-at="2020-04-07T19:56:33 EET" name="springTestContextAfterTestMethod" finished-at="2020-04-07T19:56:33 EET" duration-ms="0" status="PASS">
          <params>
            <param index="0">
              <value>
                <![CDATA[public void com.team1.animalproject.integrationtest.ShelterWorkerRepositoryIT.delete()]]>
              </value>
            </param>
          </params>
          <reporter-output>
          </reporter-output>
        </test-method> <!-- springTestContextAfterTestMethod -->
        <test-method is-config="true" signature="springTestContextBeforeTestMethod(java.lang.reflect.Method)[pri:0, instance:com.team1.animalproject.integrationtest.ShelterWorkerRepositoryIT@70c3c5d7]" started-at="2020-04-07T19:56:33 EET" name="springTestContextBeforeTestMethod" finished-at="2020-04-07T19:56:33 EET" duration-ms="2" status="PASS">
          <params>
            <param index="0">
              <value>
                <![CDATA[public void com.team1.animalproject.integrationtest.ShelterWorkerRepositoryIT.findById()]]>
              </value>
            </param>
          </params>
          <reporter-output>
          </reporter-output>
        </test-method> <!-- springTestContextBeforeTestMethod -->
        <test-method signature="findById()[pri:0, instance:com.team1.animalproject.integrationtest.ShelterWorkerRepositoryIT@70c3c5d7]" started-at="2020-04-07T19:56:33 EET" name="findById" finished-at="2020-04-07T19:56:33 EET" duration-ms="11" status="PASS">
          <reporter-output>
          </reporter-output>
        </test-method> <!-- findById -->
        <test-method is-config="true" signature="springTestContextAfterTestMethod(java.lang.reflect.Method)[pri:0, instance:com.team1.animalproject.integrationtest.ShelterWorkerRepositoryIT@70c3c5d7]" started-at="2020-04-07T19:56:33 EET" name="springTestContextAfterTestMethod" finished-at="2020-04-07T19:56:33 EET" duration-ms="0" status="PASS">
          <params>
            <param index="0">
              <value>
                <![CDATA[public void com.team1.animalproject.integrationtest.ShelterWorkerRepositoryIT.findById()]]>
              </value>
            </param>
          </params>
          <reporter-output>
          </reporter-output>
        </test-method> <!-- springTestContextAfterTestMethod -->
        <test-method is-config="true" signature="springTestContextBeforeTestMethod(java.lang.reflect.Method)[pri:0, instance:com.team1.animalproject.integrationtest.ShelterWorkerRepositoryIT@70c3c5d7]" started-at="2020-04-07T19:56:33 EET" name="springTestContextBeforeTestMethod" finished-at="2020-04-07T19:56:33 EET" duration-ms="1" status="PASS">
          <params>
            <param index="0">
              <value>
                <![CDATA[public void com.team1.animalproject.integrationtest.ShelterWorkerRepositoryIT.getAll()]]>
              </value>
            </param>
          </params>
          <reporter-output>
          </reporter-output>
        </test-method> <!-- springTestContextBeforeTestMethod -->
        <test-method signature="getAll()[pri:0, instance:com.team1.animalproject.integrationtest.ShelterWorkerRepositoryIT@70c3c5d7]" started-at="2020-04-07T19:56:33 EET" name="getAll" finished-at="2020-04-07T19:56:33 EET" duration-ms="29" status="PASS">
          <reporter-output>
          </reporter-output>
        </test-method> <!-- getAll -->
        <test-method is-config="true" signature="springTestContextAfterTestMethod(java.lang.reflect.Method)[pri:0, instance:com.team1.animalproject.integrationtest.ShelterWorkerRepositoryIT@70c3c5d7]" started-at="2020-04-07T19:56:33 EET" name="springTestContextAfterTestMethod" finished-at="2020-04-07T19:56:33 EET" duration-ms="1" status="PASS">
          <params>
            <param index="0">
              <value>
                <![CDATA[public void com.team1.animalproject.integrationtest.ShelterWorkerRepositoryIT.getAll()]]>
              </value>
            </param>
          </params>
          <reporter-output>
          </reporter-output>
        </test-method> <!-- springTestContextAfterTestMethod -->
        <test-method is-config="true" signature="springTestContextBeforeTestMethod(java.lang.reflect.Method)[pri:0, instance:com.team1.animalproject.integrationtest.ShelterWorkerRepositoryIT@70c3c5d7]" started-at="2020-04-07T19:56:33 EET" name="springTestContextBeforeTestMethod" finished-at="2020-04-07T19:56:33 EET" duration-ms="1" status="PASS">
          <params>
            <param index="0">
              <value>
                <![CDATA[public void com.team1.animalproject.integrationtest.ShelterWorkerRepositoryIT.save()]]>
              </value>
            </param>
          </params>
          <reporter-output>
          </reporter-output>
        </test-method> <!-- springTestContextBeforeTestMethod -->
        <test-method signature="save()[pri:0, instance:com.team1.animalproject.integrationtest.ShelterWorkerRepositoryIT@70c3c5d7]" started-at="2020-04-07T19:56:33 EET" name="save" finished-at="2020-04-07T19:56:33 EET" duration-ms="23" status="PASS">
          <reporter-output>
          </reporter-output>
        </test-method> <!-- save -->
        <test-method is-config="true" signature="springTestContextAfterTestMethod(java.lang.reflect.Method)[pri:0, instance:com.team1.animalproject.integrationtest.ShelterWorkerRepositoryIT@70c3c5d7]" started-at="2020-04-07T19:56:33 EET" name="springTestContextAfterTestMethod" finished-at="2020-04-07T19:56:33 EET" duration-ms="1" status="PASS">
          <params>
            <param index="0">
              <value>
                <![CDATA[public void com.team1.animalproject.integrationtest.ShelterWorkerRepositoryIT.save()]]>
              </value>
            </param>
          </params>
          <reporter-output>
          </reporter-output>
        </test-method> <!-- springTestContextAfterTestMethod -->
        <test-method is-config="true" signature="springTestContextBeforeTestMethod(java.lang.reflect.Method)[pri:0, instance:com.team1.animalproject.integrationtest.ShelterWorkerRepositoryIT@70c3c5d7]" started-at="2020-04-07T19:56:33 EET" name="springTestContextBeforeTestMethod" finished-at="2020-04-07T19:56:33 EET" duration-ms="2" status="PASS">
          <params>
            <param index="0">
              <value>
                <![CDATA[public void com.team1.animalproject.integrationtest.ShelterWorkerRepositoryIT.update()]]>
              </value>
            </param>
          </params>
          <reporter-output>
          </reporter-output>
        </test-method> <!-- springTestContextBeforeTestMethod -->
        <test-method signature="update()[pri:0, instance:com.team1.animalproject.integrationtest.ShelterWorkerRepositoryIT@70c3c5d7]" started-at="2020-04-07T19:56:33 EET" name="update" finished-at="2020-04-07T19:56:33 EET" duration-ms="23" status="PASS">
          <reporter-output>
          </reporter-output>
        </test-method> <!-- update -->
        <test-method is-config="true" signature="springTestContextAfterTestMethod(java.lang.reflect.Method)[pri:0, instance:com.team1.animalproject.integrationtest.ShelterWorkerRepositoryIT@70c3c5d7]" started-at="2020-04-07T19:56:33 EET" name="springTestContextAfterTestMethod" finished-at="2020-04-07T19:56:33 EET" duration-ms="1" status="PASS">
          <params>
            <param index="0">
              <value>
                <![CDATA[public void com.team1.animalproject.integrationtest.ShelterWorkerRepositoryIT.update()]]>
              </value>
            </param>
          </params>
          <reporter-output>
          </reporter-output>
        </test-method> <!-- springTestContextAfterTestMethod -->
        <test-method is-config="true" signature="springTestContextAfterTestClass()[pri:0, instance:com.team1.animalproject.integrationtest.ShelterWorkerRepositoryIT@70c3c5d7]" started-at="2020-04-07T19:56:33 EET" name="springTestContextAfterTestClass" finished-at="2020-04-07T19:56:33 EET" duration-ms="0" status="PASS">
          <reporter-output>
          </reporter-output>
        </test-method> <!-- springTestContextAfterTestClass -->
      </class> <!-- com.team1.animalproject.integrationtest.ShelterWorkerRepositoryIT -->
      <class name="com.team1.animalproject.integrationtest.IpfsIDRepositoryIT">
        <test-method is-config="true" signature="springTestContextBeforeTestClass()[pri:0, instance:com.team1.animalproject.integrationtest.IpfsIDRepositoryIT@72259917]" started-at="2020-04-07T19:56:31 EET" name="springTestContextBeforeTestClass" finished-at="2020-04-07T19:56:31 EET" duration-ms="0" status="PASS">
          <reporter-output>
          </reporter-output>
        </test-method> <!-- springTestContextBeforeTestClass -->
        <test-method is-config="true" signature="springTestContextPrepareTestInstance()[pri:0, instance:com.team1.animalproject.integrationtest.IpfsIDRepositoryIT@72259917]" started-at="2020-04-07T19:56:31 EET" name="springTestContextPrepareTestInstance" finished-at="2020-04-07T19:56:31 EET" depends-on-methods="org.springframework.test.context.testng.AbstractTestNGSpringContextTests.springTestContextBeforeTestClass" duration-ms="11" status="PASS">
          <reporter-output>
          </reporter-output>
        </test-method> <!-- springTestContextPrepareTestInstance -->
        <test-method is-config="true" signature="springTestContextBeforeTestMethod(java.lang.reflect.Method)[pri:0, instance:com.team1.animalproject.integrationtest.IpfsIDRepositoryIT@72259917]" started-at="2020-04-07T19:56:31 EET" name="springTestContextBeforeTestMethod" finished-at="2020-04-07T19:56:31 EET" duration-ms="0" status="PASS">
          <params>
            <param index="0">
              <value>
                <![CDATA[public void com.team1.animalproject.integrationtest.IpfsIDRepositoryIT.delete()]]>
              </value>
            </param>
          </params>
          <reporter-output>
          </reporter-output>
        </test-method> <!-- springTestContextBeforeTestMethod -->
        <test-method signature="delete()[pri:0, instance:com.team1.animalproject.integrationtest.IpfsIDRepositoryIT@72259917]" started-at="2020-04-07T19:56:31 EET" name="delete" finished-at="2020-04-07T19:56:31 EET" duration-ms="24" status="PASS">
          <reporter-output>
          </reporter-output>
        </test-method> <!-- delete -->
        <test-method is-config="true" signature="springTestContextAfterTestMethod(java.lang.reflect.Method)[pri:0, instance:com.team1.animalproject.integrationtest.IpfsIDRepositoryIT@72259917]" started-at="2020-04-07T19:56:31 EET" name="springTestContextAfterTestMethod" finished-at="2020-04-07T19:56:31 EET" duration-ms="1" status="PASS">
          <params>
            <param index="0">
              <value>
                <![CDATA[public void com.team1.animalproject.integrationtest.IpfsIDRepositoryIT.delete()]]>
              </value>
            </param>
          </params>
          <reporter-output>
          </reporter-output>
        </test-method> <!-- springTestContextAfterTestMethod -->
        <test-method is-config="true" signature="springTestContextBeforeTestMethod(java.lang.reflect.Method)[pri:0, instance:com.team1.animalproject.integrationtest.IpfsIDRepositoryIT@72259917]" started-at="2020-04-07T19:56:31 EET" name="springTestContextBeforeTestMethod" finished-at="2020-04-07T19:56:31 EET" duration-ms="2" status="PASS">
          <params>
            <param index="0">
              <value>
                <![CDATA[public void com.team1.animalproject.integrationtest.IpfsIDRepositoryIT.findById()]]>
              </value>
            </param>
          </params>
          <reporter-output>
          </reporter-output>
        </test-method> <!-- springTestContextBeforeTestMethod -->
        <test-method signature="findById()[pri:0, instance:com.team1.animalproject.integrationtest.IpfsIDRepositoryIT@72259917]" started-at="2020-04-07T19:56:31 EET" name="findById" finished-at="2020-04-07T19:56:31 EET" duration-ms="14" status="PASS">
          <reporter-output>
          </reporter-output>
        </test-method> <!-- findById -->
        <test-method is-config="true" signature="springTestContextAfterTestMethod(java.lang.reflect.Method)[pri:0, instance:com.team1.animalproject.integrationtest.IpfsIDRepositoryIT@72259917]" started-at="2020-04-07T19:56:31 EET" name="springTestContextAfterTestMethod" finished-at="2020-04-07T19:56:31 EET" duration-ms="0" status="PASS">
          <params>
            <param index="0">
              <value>
                <![CDATA[public void com.team1.animalproject.integrationtest.IpfsIDRepositoryIT.findById()]]>
              </value>
            </param>
          </params>
          <reporter-output>
          </reporter-output>
        </test-method> <!-- springTestContextAfterTestMethod -->
        <test-method is-config="true" signature="springTestContextBeforeTestMethod(java.lang.reflect.Method)[pri:0, instance:com.team1.animalproject.integrationtest.IpfsIDRepositoryIT@72259917]" started-at="2020-04-07T19:56:32 EET" name="springTestContextBeforeTestMethod" finished-at="2020-04-07T19:56:32 EET" duration-ms="3" status="PASS">
          <params>
            <param index="0">
              <value>
                <![CDATA[public void com.team1.animalproject.integrationtest.IpfsIDRepositoryIT.getAll()]]>
              </value>
            </param>
          </params>
          <reporter-output>
          </reporter-output>
        </test-method> <!-- springTestContextBeforeTestMethod -->
        <test-method signature="getAll()[pri:0, instance:com.team1.animalproject.integrationtest.IpfsIDRepositoryIT@72259917]" started-at="2020-04-07T19:56:32 EET" name="getAll" finished-at="2020-04-07T19:56:32 EET" duration-ms="34" status="PASS">
          <reporter-output>
          </reporter-output>
        </test-method> <!-- getAll -->
        <test-method is-config="true" signature="springTestContextAfterTestMethod(java.lang.reflect.Method)[pri:0, instance:com.team1.animalproject.integrationtest.IpfsIDRepositoryIT@72259917]" started-at="2020-04-07T19:56:32 EET" name="springTestContextAfterTestMethod" finished-at="2020-04-07T19:56:32 EET" duration-ms="1" status="PASS">
          <params>
            <param index="0">
              <value>
                <![CDATA[public void com.team1.animalproject.integrationtest.IpfsIDRepositoryIT.getAll()]]>
              </value>
            </param>
          </params>
          <reporter-output>
          </reporter-output>
        </test-method> <!-- springTestContextAfterTestMethod -->
        <test-method is-config="true" signature="springTestContextBeforeTestMethod(java.lang.reflect.Method)[pri:0, instance:com.team1.animalproject.integrationtest.IpfsIDRepositoryIT@72259917]" started-at="2020-04-07T19:56:32 EET" name="springTestContextBeforeTestMethod" finished-at="2020-04-07T19:56:32 EET" duration-ms="2" status="PASS">
          <params>
            <param index="0">
              <value>
                <![CDATA[public void com.team1.animalproject.integrationtest.IpfsIDRepositoryIT.save()]]>
              </value>
            </param>
          </params>
          <reporter-output>
          </reporter-output>
        </test-method> <!-- springTestContextBeforeTestMethod -->
        <test-method signature="save()[pri:0, instance:com.team1.animalproject.integrationtest.IpfsIDRepositoryIT@72259917]" started-at="2020-04-07T19:56:32 EET" name="save" finished-at="2020-04-07T19:56:32 EET" duration-ms="12" status="PASS">
          <reporter-output>
          </reporter-output>
        </test-method> <!-- save -->
        <test-method is-config="true" signature="springTestContextAfterTestMethod(java.lang.reflect.Method)[pri:0, instance:com.team1.animalproject.integrationtest.IpfsIDRepositoryIT@72259917]" started-at="2020-04-07T19:56:32 EET" name="springTestContextAfterTestMethod" finished-at="2020-04-07T19:56:32 EET" duration-ms="1" status="PASS">
          <params>
            <param index="0">
              <value>
                <![CDATA[public void com.team1.animalproject.integrationtest.IpfsIDRepositoryIT.save()]]>
              </value>
            </param>
          </params>
          <reporter-output>
          </reporter-output>
        </test-method> <!-- springTestContextAfterTestMethod -->
        <test-method is-config="true" signature="springTestContextBeforeTestMethod(java.lang.reflect.Method)[pri:0, instance:com.team1.animalproject.integrationtest.IpfsIDRepositoryIT@72259917]" started-at="2020-04-07T19:56:32 EET" name="springTestContextBeforeTestMethod" finished-at="2020-04-07T19:56:32 EET" duration-ms="1" status="PASS">
          <params>
            <param index="0">
              <value>
                <![CDATA[public void com.team1.animalproject.integrationtest.IpfsIDRepositoryIT.update()]]>
              </value>
            </param>
          </params>
          <reporter-output>
          </reporter-output>
        </test-method> <!-- springTestContextBeforeTestMethod -->
        <test-method signature="update()[pri:0, instance:com.team1.animalproject.integrationtest.IpfsIDRepositoryIT@72259917]" started-at="2020-04-07T19:56:32 EET" name="update" finished-at="2020-04-07T19:56:32 EET" duration-ms="27" status="PASS">
          <reporter-output>
          </reporter-output>
        </test-method> <!-- update -->
        <test-method is-config="true" signature="springTestContextAfterTestMethod(java.lang.reflect.Method)[pri:0, instance:com.team1.animalproject.integrationtest.IpfsIDRepositoryIT@72259917]" started-at="2020-04-07T19:56:32 EET" name="springTestContextAfterTestMethod" finished-at="2020-04-07T19:56:32 EET" duration-ms="1" status="PASS">
          <params>
            <param index="0">
              <value>
                <![CDATA[public void com.team1.animalproject.integrationtest.IpfsIDRepositoryIT.update()]]>
              </value>
            </param>
          </params>
          <reporter-output>
          </reporter-output>
        </test-method> <!-- springTestContextAfterTestMethod -->
        <test-method is-config="true" signature="springTestContextAfterTestClass()[pri:0, instance:com.team1.animalproject.integrationtest.IpfsIDRepositoryIT@72259917]" started-at="2020-04-07T19:56:32 EET" name="springTestContextAfterTestClass" finished-at="2020-04-07T19:56:32 EET" duration-ms="1" status="PASS">
          <reporter-output>
          </reporter-output>
        </test-method> <!-- springTestContextAfterTestClass -->
      </class> <!-- com.team1.animalproject.integrationtest.IpfsIDRepositoryIT -->
      <class name="com.team1.animalproject.scenariotest.ScenarioIT">
        <test-method signature="girisYap()[pri:0, instance:com.team1.animalproject.scenariotest.ScenarioIT@207e3ffd]" started-at="2020-04-07T19:56:34 EET" name="girisYap" finished-at="2020-04-07T19:56:34 EET" duration-ms="542" status="PASS">
          <reporter-output>
          </reporter-output>
        </test-method> <!-- girisYap -->
        <test-method signature="kayitIslemiBasariliMi()[pri:0, instance:com.team1.animalproject.scenariotest.ScenarioIT@207e3ffd]" started-at="2020-04-07T19:56:34 EET" name="kayitIslemiBasariliMi" finished-at="2020-04-07T19:56:34 EET" duration-ms="2" status="PASS">
          <reporter-output>
          </reporter-output>
        </test-method> <!-- kayitIslemiBasariliMi -->
        <test-method signature="setUp()[pri:0, instance:com.team1.animalproject.scenariotest.ScenarioIT@207e3ffd]" started-at="2020-04-07T19:56:34 EET" name="setUp" finished-at="2020-04-07T19:56:34 EET" duration-ms="95" status="PASS">
          <reporter-output>
          </reporter-output>
        </test-method> <!-- setUp -->
        <test-method signature="userDoldur()[pri:0, instance:com.team1.animalproject.scenariotest.ScenarioIT@207e3ffd]" started-at="2020-04-07T19:56:34 EET" name="userDoldur" finished-at="2020-04-07T19:56:34 EET" duration-ms="2" status="PASS">
          <reporter-output>
          </reporter-output>
        </test-method> <!-- userDoldur -->
        <test-method signature="userKaydet()[pri:0, instance:com.team1.animalproject.scenariotest.ScenarioIT@207e3ffd]" started-at="2020-04-07T19:56:34 EET" name="userKaydet" finished-at="2020-04-07T19:56:34 EET" duration-ms="3" status="PASS">
          <reporter-output>
          </reporter-output>
        </test-method> <!-- userKaydet -->
      </class> <!-- com.team1.animalproject.scenariotest.ScenarioIT -->
      <class name="com.team1.animalproject.integrationtest.YetkiRepositoryIT">
        <test-method is-config="true" signature="springTestContextBeforeTestClass()[pri:0, instance:com.team1.animalproject.integrationtest.YetkiRepositoryIT@53741683]" started-at="2020-04-07T19:56:33 EET" name="springTestContextBeforeTestClass" finished-at="2020-04-07T19:56:33 EET" duration-ms="0" status="PASS">
          <reporter-output>
          </reporter-output>
        </test-method> <!-- springTestContextBeforeTestClass -->
        <test-method is-config="true" signature="springTestContextPrepareTestInstance()[pri:0, instance:com.team1.animalproject.integrationtest.YetkiRepositoryIT@53741683]" started-at="2020-04-07T19:56:33 EET" name="springTestContextPrepareTestInstance" finished-at="2020-04-07T19:56:33 EET" depends-on-methods="org.springframework.test.context.testng.AbstractTestNGSpringContextTests.springTestContextBeforeTestClass" duration-ms="7" status="PASS">
          <reporter-output>
          </reporter-output>
        </test-method> <!-- springTestContextPrepareTestInstance -->
        <test-method is-config="true" signature="springTestContextBeforeTestMethod(java.lang.reflect.Method)[pri:0, instance:com.team1.animalproject.integrationtest.YetkiRepositoryIT@53741683]" started-at="2020-04-07T19:56:33 EET" name="springTestContextBeforeTestMethod" finished-at="2020-04-07T19:56:33 EET" duration-ms="1" status="PASS">
          <params>
            <param index="0">
              <value>
                <![CDATA[public void com.team1.animalproject.integrationtest.YetkiRepositoryIT.delete()]]>
              </value>
            </param>
          </params>
          <reporter-output>
          </reporter-output>
        </test-method> <!-- springTestContextBeforeTestMethod -->
        <test-method signature="delete()[pri:0, instance:com.team1.animalproject.integrationtest.YetkiRepositoryIT@53741683]" started-at="2020-04-07T19:56:33 EET" name="delete" finished-at="2020-04-07T19:56:33 EET" duration-ms="15" status="PASS">
          <reporter-output>
          </reporter-output>
        </test-method> <!-- delete -->
        <test-method is-config="true" signature="springTestContextAfterTestMethod(java.lang.reflect.Method)[pri:0, instance:com.team1.animalproject.integrationtest.YetkiRepositoryIT@53741683]" started-at="2020-04-07T19:56:33 EET" name="springTestContextAfterTestMethod" finished-at="2020-04-07T19:56:33 EET" duration-ms="1" status="PASS">
          <params>
            <param index="0">
              <value>
                <![CDATA[public void com.team1.animalproject.integrationtest.YetkiRepositoryIT.delete()]]>
              </value>
            </param>
          </params>
          <reporter-output>
          </reporter-output>
        </test-method> <!-- springTestContextAfterTestMethod -->
        <test-method is-config="true" signature="springTestContextBeforeTestMethod(java.lang.reflect.Method)[pri:0, instance:com.team1.animalproject.integrationtest.YetkiRepositoryIT@53741683]" started-at="2020-04-07T19:56:33 EET" name="springTestContextBeforeTestMethod" finished-at="2020-04-07T19:56:33 EET" duration-ms="2" status="PASS">
          <params>
            <param index="0">
              <value>
                <![CDATA[public void com.team1.animalproject.integrationtest.YetkiRepositoryIT.findById()]]>
              </value>
            </param>
          </params>
          <reporter-output>
          </reporter-output>
        </test-method> <!-- springTestContextBeforeTestMethod -->
        <test-method signature="findById()[pri:0, instance:com.team1.animalproject.integrationtest.YetkiRepositoryIT@53741683]" started-at="2020-04-07T19:56:33 EET" name="findById" finished-at="2020-04-07T19:56:33 EET" duration-ms="7" status="PASS">
          <reporter-output>
          </reporter-output>
        </test-method> <!-- findById -->
        <test-method is-config="true" signature="springTestContextAfterTestMethod(java.lang.reflect.Method)[pri:0, instance:com.team1.animalproject.integrationtest.YetkiRepositoryIT@53741683]" started-at="2020-04-07T19:56:33 EET" name="springTestContextAfterTestMethod" finished-at="2020-04-07T19:56:33 EET" duration-ms="0" status="PASS">
          <params>
            <param index="0">
              <value>
                <![CDATA[public void com.team1.animalproject.integrationtest.YetkiRepositoryIT.findById()]]>
              </value>
            </param>
          </params>
          <reporter-output>
          </reporter-output>
        </test-method> <!-- springTestContextAfterTestMethod -->
        <test-method is-config="true" signature="springTestContextBeforeTestMethod(java.lang.reflect.Method)[pri:0, instance:com.team1.animalproject.integrationtest.YetkiRepositoryIT@53741683]" started-at="2020-04-07T19:56:33 EET" name="springTestContextBeforeTestMethod" finished-at="2020-04-07T19:56:33 EET" duration-ms="2" status="PASS">
          <params>
            <param index="0">
              <value>
                <![CDATA[public void com.team1.animalproject.integrationtest.YetkiRepositoryIT.getAll()]]>
              </value>
            </param>
          </params>
          <reporter-output>
          </reporter-output>
        </test-method> <!-- springTestContextBeforeTestMethod -->
        <test-method signature="getAll()[pri:0, instance:com.team1.animalproject.integrationtest.YetkiRepositoryIT@53741683]" started-at="2020-04-07T19:56:33 EET" name="getAll" finished-at="2020-04-07T19:56:33 EET" duration-ms="17" status="PASS">
          <reporter-output>
          </reporter-output>
        </test-method> <!-- getAll -->
        <test-method is-config="true" signature="springTestContextAfterTestMethod(java.lang.reflect.Method)[pri:0, instance:com.team1.animalproject.integrationtest.YetkiRepositoryIT@53741683]" started-at="2020-04-07T19:56:33 EET" name="springTestContextAfterTestMethod" finished-at="2020-04-07T19:56:33 EET" duration-ms="1" status="PASS">
          <params>
            <param index="0">
              <value>
                <![CDATA[public void com.team1.animalproject.integrationtest.YetkiRepositoryIT.getAll()]]>
              </value>
            </param>
          </params>
          <reporter-output>
          </reporter-output>
        </test-method> <!-- springTestContextAfterTestMethod -->
        <test-method is-config="true" signature="springTestContextBeforeTestMethod(java.lang.reflect.Method)[pri:0, instance:com.team1.animalproject.integrationtest.YetkiRepositoryIT@53741683]" started-at="2020-04-07T19:56:33 EET" name="springTestContextBeforeTestMethod" finished-at="2020-04-07T19:56:33 EET" duration-ms="1" status="PASS">
          <params>
            <param index="0">
              <value>
                <![CDATA[public void com.team1.animalproject.integrationtest.YetkiRepositoryIT.save()]]>
              </value>
            </param>
          </params>
          <reporter-output>
          </reporter-output>
        </test-method> <!-- springTestContextBeforeTestMethod -->
        <test-method signature="save()[pri:0, instance:com.team1.animalproject.integrationtest.YetkiRepositoryIT@53741683]" started-at="2020-04-07T19:56:33 EET" name="save" finished-at="2020-04-07T19:56:33 EET" duration-ms="8" status="PASS">
          <reporter-output>
          </reporter-output>
        </test-method> <!-- save -->
        <test-method is-config="true" signature="springTestContextAfterTestMethod(java.lang.reflect.Method)[pri:0, instance:com.team1.animalproject.integrationtest.YetkiRepositoryIT@53741683]" started-at="2020-04-07T19:56:33 EET" name="springTestContextAfterTestMethod" finished-at="2020-04-07T19:56:33 EET" duration-ms="1" status="PASS">
          <params>
            <param index="0">
              <value>
                <![CDATA[public void com.team1.animalproject.integrationtest.YetkiRepositoryIT.save()]]>
              </value>
            </param>
          </params>
          <reporter-output>
          </reporter-output>
        </test-method> <!-- springTestContextAfterTestMethod -->
        <test-method is-config="true" signature="springTestContextBeforeTestMethod(java.lang.reflect.Method)[pri:0, instance:com.team1.animalproject.integrationtest.YetkiRepositoryIT@53741683]" started-at="2020-04-07T19:56:33 EET" name="springTestContextBeforeTestMethod" finished-at="2020-04-07T19:56:33 EET" duration-ms="1" status="PASS">
          <params>
            <param index="0">
              <value>
                <![CDATA[public void com.team1.animalproject.integrationtest.YetkiRepositoryIT.update()]]>
              </value>
            </param>
          </params>
          <reporter-output>
          </reporter-output>
        </test-method> <!-- springTestContextBeforeTestMethod -->
        <test-method signature="update()[pri:0, instance:com.team1.animalproject.integrationtest.YetkiRepositoryIT@53741683]" started-at="2020-04-07T19:56:33 EET" name="update" finished-at="2020-04-07T19:56:33 EET" duration-ms="12" status="PASS">
          <reporter-output>
          </reporter-output>
        </test-method> <!-- update -->
        <test-method is-config="true" signature="springTestContextAfterTestMethod(java.lang.reflect.Method)[pri:0, instance:com.team1.animalproject.integrationtest.YetkiRepositoryIT@53741683]" started-at="2020-04-07T19:56:33 EET" name="springTestContextAfterTestMethod" finished-at="2020-04-07T19:56:33 EET" duration-ms="1" status="PASS">
          <params>
            <param index="0">
              <value>
                <![CDATA[public void com.team1.animalproject.integrationtest.YetkiRepositoryIT.update()]]>
              </value>
            </param>
          </params>
          <reporter-output>
          </reporter-output>
        </test-method> <!-- springTestContextAfterTestMethod -->
        <test-method is-config="true" signature="springTestContextAfterTestClass()[pri:0, instance:com.team1.animalproject.integrationtest.YetkiRepositoryIT@53741683]" started-at="2020-04-07T19:56:33 EET" name="springTestContextAfterTestClass" finished-at="2020-04-07T19:56:33 EET" duration-ms="1" status="PASS">
          <reporter-output>
          </reporter-output>
        </test-method> <!-- springTestContextAfterTestClass -->
      </class> <!-- com.team1.animalproject.integrationtest.YetkiRepositoryIT -->
      <class name="com.team1.animalproject.integrationtest.ShelterAnimalRepositoryIT">
        <test-method is-config="true" signature="springTestContextBeforeTestClass()[pri:0, instance:com.team1.animalproject.integrationtest.ShelterAnimalRepositoryIT@36e8fefe]" started-at="2020-04-07T19:56:33 EET" name="springTestContextBeforeTestClass" finished-at="2020-04-07T19:56:33 EET" duration-ms="0" status="PASS">
          <reporter-output>
          </reporter-output>
        </test-method> <!-- springTestContextBeforeTestClass -->
        <test-method is-config="true" signature="springTestContextPrepareTestInstance()[pri:0, instance:com.team1.animalproject.integrationtest.ShelterAnimalRepositoryIT@36e8fefe]" started-at="2020-04-07T19:56:33 EET" name="springTestContextPrepareTestInstance" finished-at="2020-04-07T19:56:33 EET" depends-on-methods="org.springframework.test.context.testng.AbstractTestNGSpringContextTests.springTestContextBeforeTestClass" duration-ms="6" status="PASS">
          <reporter-output>
          </reporter-output>
        </test-method> <!-- springTestContextPrepareTestInstance -->
        <test-method is-config="true" signature="springTestContextBeforeTestMethod(java.lang.reflect.Method)[pri:0, instance:com.team1.animalproject.integrationtest.ShelterAnimalRepositoryIT@36e8fefe]" started-at="2020-04-07T19:56:33 EET" name="springTestContextBeforeTestMethod" finished-at="2020-04-07T19:56:33 EET" duration-ms="1" status="PASS">
          <params>
            <param index="0">
              <value>
                <![CDATA[public void com.team1.animalproject.integrationtest.ShelterAnimalRepositoryIT.delete()]]>
              </value>
            </param>
          </params>
          <reporter-output>
          </reporter-output>
        </test-method> <!-- springTestContextBeforeTestMethod -->
        <test-method signature="delete()[pri:0, instance:com.team1.animalproject.integrationtest.ShelterAnimalRepositoryIT@36e8fefe]" started-at="2020-04-07T19:56:33 EET" name="delete" finished-at="2020-04-07T19:56:33 EET" duration-ms="18" status="PASS">
          <reporter-output>
          </reporter-output>
        </test-method> <!-- delete -->
        <test-method is-config="true" signature="springTestContextAfterTestMethod(java.lang.reflect.Method)[pri:0, instance:com.team1.animalproject.integrationtest.ShelterAnimalRepositoryIT@36e8fefe]" started-at="2020-04-07T19:56:33 EET" name="springTestContextAfterTestMethod" finished-at="2020-04-07T19:56:33 EET" duration-ms="1" status="PASS">
          <params>
            <param index="0">
              <value>
                <![CDATA[public void com.team1.animalproject.integrationtest.ShelterAnimalRepositoryIT.delete()]]>
              </value>
            </param>
          </params>
          <reporter-output>
          </reporter-output>
        </test-method> <!-- springTestContextAfterTestMethod -->
        <test-method is-config="true" signature="springTestContextBeforeTestMethod(java.lang.reflect.Method)[pri:0, instance:com.team1.animalproject.integrationtest.ShelterAnimalRepositoryIT@36e8fefe]" started-at="2020-04-07T19:56:33 EET" name="springTestContextBeforeTestMethod" finished-at="2020-04-07T19:56:33 EET" duration-ms="1" status="PASS">
          <params>
            <param index="0">
              <value>
                <![CDATA[public void com.team1.animalproject.integrationtest.ShelterAnimalRepositoryIT.findById()]]>
              </value>
            </param>
          </params>
          <reporter-output>
          </reporter-output>
        </test-method> <!-- springTestContextBeforeTestMethod -->
        <test-method signature="findById()[pri:0, instance:com.team1.animalproject.integrationtest.ShelterAnimalRepositoryIT@36e8fefe]" started-at="2020-04-07T19:56:33 EET" name="findById" finished-at="2020-04-07T19:56:33 EET" duration-ms="9" status="PASS">
          <reporter-output>
          </reporter-output>
        </test-method> <!-- findById -->
        <test-method is-config="true" signature="springTestContextAfterTestMethod(java.lang.reflect.Method)[pri:0, instance:com.team1.animalproject.integrationtest.ShelterAnimalRepositoryIT@36e8fefe]" started-at="2020-04-07T19:56:33 EET" name="springTestContextAfterTestMethod" finished-at="2020-04-07T19:56:33 EET" duration-ms="1" status="PASS">
          <params>
            <param index="0">
              <value>
                <![CDATA[public void com.team1.animalproject.integrationtest.ShelterAnimalRepositoryIT.findById()]]>
              </value>
            </param>
          </params>
          <reporter-output>
          </reporter-output>
        </test-method> <!-- springTestContextAfterTestMethod -->
        <test-method is-config="true" signature="springTestContextBeforeTestMethod(java.lang.reflect.Method)[pri:0, instance:com.team1.animalproject.integrationtest.ShelterAnimalRepositoryIT@36e8fefe]" started-at="2020-04-07T19:56:33 EET" name="springTestContextBeforeTestMethod" finished-at="2020-04-07T19:56:33 EET" duration-ms="1" status="PASS">
          <params>
            <param index="0">
              <value>
                <![CDATA[public void com.team1.animalproject.integrationtest.ShelterAnimalRepositoryIT.getAll()]]>
              </value>
            </param>
          </params>
          <reporter-output>
          </reporter-output>
        </test-method> <!-- springTestContextBeforeTestMethod -->
        <test-method signature="getAll()[pri:0, instance:com.team1.animalproject.integrationtest.ShelterAnimalRepositoryIT@36e8fefe]" started-at="2020-04-07T19:56:33 EET" name="getAll" finished-at="2020-04-07T19:56:33 EET" duration-ms="19" status="PASS">
          <reporter-output>
          </reporter-output>
        </test-method> <!-- getAll -->
        <test-method is-config="true" signature="springTestContextAfterTestMethod(java.lang.reflect.Method)[pri:0, instance:com.team1.animalproject.integrationtest.ShelterAnimalRepositoryIT@36e8fefe]" started-at="2020-04-07T19:56:33 EET" name="springTestContextAfterTestMethod" finished-at="2020-04-07T19:56:33 EET" duration-ms="0" status="PASS">
          <params>
            <param index="0">
              <value>
                <![CDATA[public void com.team1.animalproject.integrationtest.ShelterAnimalRepositoryIT.getAll()]]>
              </value>
            </param>
          </params>
          <reporter-output>
          </reporter-output>
        </test-method> <!-- springTestContextAfterTestMethod -->
        <test-method is-config="true" signature="springTestContextBeforeTestMethod(java.lang.reflect.Method)[pri:0, instance:com.team1.animalproject.integrationtest.ShelterAnimalRepositoryIT@36e8fefe]" started-at="2020-04-07T19:56:33 EET" name="springTestContextBeforeTestMethod" finished-at="2020-04-07T19:56:33 EET" duration-ms="1" status="PASS">
          <params>
            <param index="0">
              <value>
                <![CDATA[public void com.team1.animalproject.integrationtest.ShelterAnimalRepositoryIT.save()]]>
              </value>
            </param>
          </params>
          <reporter-output>
          </reporter-output>
        </test-method> <!-- springTestContextBeforeTestMethod -->
        <test-method signature="save()[pri:0, instance:com.team1.animalproject.integrationtest.ShelterAnimalRepositoryIT@36e8fefe]" started-at="2020-04-07T19:56:33 EET" name="save" finished-at="2020-04-07T19:56:33 EET" duration-ms="8" status="PASS">
          <reporter-output>
          </reporter-output>
        </test-method> <!-- save -->
        <test-method is-config="true" signature="springTestContextAfterTestMethod(java.lang.reflect.Method)[pri:0, instance:com.team1.animalproject.integrationtest.ShelterAnimalRepositoryIT@36e8fefe]" started-at="2020-04-07T19:56:33 EET" name="springTestContextAfterTestMethod" finished-at="2020-04-07T19:56:33 EET" duration-ms="0" status="PASS">
          <params>
            <param index="0">
              <value>
                <![CDATA[public void com.team1.animalproject.integrationtest.ShelterAnimalRepositoryIT.save()]]>
              </value>
            </param>
          </params>
          <reporter-output>
          </reporter-output>
        </test-method> <!-- springTestContextAfterTestMethod -->
        <test-method is-config="true" signature="springTestContextBeforeTestMethod(java.lang.reflect.Method)[pri:0, instance:com.team1.animalproject.integrationtest.ShelterAnimalRepositoryIT@36e8fefe]" started-at="2020-04-07T19:56:33 EET" name="springTestContextBeforeTestMethod" finished-at="2020-04-07T19:56:33 EET" duration-ms="1" status="PASS">
          <params>
            <param index="0">
              <value>
                <![CDATA[public void com.team1.animalproject.integrationtest.ShelterAnimalRepositoryIT.update()]]>
              </value>
            </param>
          </params>
          <reporter-output>
          </reporter-output>
        </test-method> <!-- springTestContextBeforeTestMethod -->
        <test-method signature="update()[pri:0, instance:com.team1.animalproject.integrationtest.ShelterAnimalRepositoryIT@36e8fefe]" started-at="2020-04-07T19:56:33 EET" name="update" finished-at="2020-04-07T19:56:33 EET" duration-ms="13" status="PASS">
          <reporter-output>
          </reporter-output>
        </test-method> <!-- update -->
        <test-method is-config="true" signature="springTestContextAfterTestMethod(java.lang.reflect.Method)[pri:0, instance:com.team1.animalproject.integrationtest.ShelterAnimalRepositoryIT@36e8fefe]" started-at="2020-04-07T19:56:33 EET" name="springTestContextAfterTestMethod" finished-at="2020-04-07T19:56:33 EET" duration-ms="0" status="PASS">
          <params>
            <param index="0">
              <value>
                <![CDATA[public void com.team1.animalproject.integrationtest.ShelterAnimalRepositoryIT.update()]]>
              </value>
            </param>
          </params>
          <reporter-output>
          </reporter-output>
        </test-method> <!-- springTestContextAfterTestMethod -->
        <test-method is-config="true" signature="springTestContextAfterTestClass()[pri:0, instance:com.team1.animalproject.integrationtest.ShelterAnimalRepositoryIT@36e8fefe]" started-at="2020-04-07T19:56:33 EET" name="springTestContextAfterTestClass" finished-at="2020-04-07T19:56:33 EET" duration-ms="0" status="PASS">
          <reporter-output>
          </reporter-output>
        </test-method> <!-- springTestContextAfterTestClass -->
      </class> <!-- com.team1.animalproject.integrationtest.ShelterAnimalRepositoryIT -->
      <class name="com.team1.animalproject.integrationtest.VetRepositoryIT">
        <test-method is-config="true" signature="springTestContextBeforeTestClass()[pri:0, instance:com.team1.animalproject.integrationtest.VetRepositoryIT@3df79197]" started-at="2020-04-07T19:56:33 EET" name="springTestContextBeforeTestClass" finished-at="2020-04-07T19:56:33 EET" duration-ms="1" status="PASS">
          <reporter-output>
          </reporter-output>
        </test-method> <!-- springTestContextBeforeTestClass -->
        <test-method is-config="true" signature="springTestContextPrepareTestInstance()[pri:0, instance:com.team1.animalproject.integrationtest.VetRepositoryIT@3df79197]" started-at="2020-04-07T19:56:33 EET" name="springTestContextPrepareTestInstance" finished-at="2020-04-07T19:56:33 EET" depends-on-methods="org.springframework.test.context.testng.AbstractTestNGSpringContextTests.springTestContextBeforeTestClass" duration-ms="7" status="PASS">
          <reporter-output>
          </reporter-output>
        </test-method> <!-- springTestContextPrepareTestInstance -->
        <test-method is-config="true" signature="springTestContextBeforeTestMethod(java.lang.reflect.Method)[pri:0, instance:com.team1.animalproject.integrationtest.VetRepositoryIT@3df79197]" started-at="2020-04-07T19:56:33 EET" name="springTestContextBeforeTestMethod" finished-at="2020-04-07T19:56:33 EET" duration-ms="1" status="PASS">
          <params>
            <param index="0">
              <value>
                <![CDATA[public void com.team1.animalproject.integrationtest.VetRepositoryIT.delete()]]>
              </value>
            </param>
          </params>
          <reporter-output>
          </reporter-output>
        </test-method> <!-- springTestContextBeforeTestMethod -->
        <test-method signature="delete()[pri:0, instance:com.team1.animalproject.integrationtest.VetRepositoryIT@3df79197]" started-at="2020-04-07T19:56:33 EET" name="delete" finished-at="2020-04-07T19:56:33 EET" duration-ms="25" status="PASS">
          <reporter-output>
          </reporter-output>
        </test-method> <!-- delete -->
        <test-method is-config="true" signature="springTestContextAfterTestMethod(java.lang.reflect.Method)[pri:0, instance:com.team1.animalproject.integrationtest.VetRepositoryIT@3df79197]" started-at="2020-04-07T19:56:33 EET" name="springTestContextAfterTestMethod" finished-at="2020-04-07T19:56:33 EET" duration-ms="1" status="PASS">
          <params>
            <param index="0">
              <value>
                <![CDATA[public void com.team1.animalproject.integrationtest.VetRepositoryIT.delete()]]>
              </value>
            </param>
          </params>
          <reporter-output>
          </reporter-output>
        </test-method> <!-- springTestContextAfterTestMethod -->
        <test-method is-config="true" signature="springTestContextBeforeTestMethod(java.lang.reflect.Method)[pri:0, instance:com.team1.animalproject.integrationtest.VetRepositoryIT@3df79197]" started-at="2020-04-07T19:56:33 EET" name="springTestContextBeforeTestMethod" finished-at="2020-04-07T19:56:33 EET" duration-ms="1" status="PASS">
          <params>
            <param index="0">
              <value>
                <![CDATA[public void com.team1.animalproject.integrationtest.VetRepositoryIT.findById()]]>
              </value>
            </param>
          </params>
          <reporter-output>
          </reporter-output>
        </test-method> <!-- springTestContextBeforeTestMethod -->
        <test-method signature="findById()[pri:0, instance:com.team1.animalproject.integrationtest.VetRepositoryIT@3df79197]" started-at="2020-04-07T19:56:33 EET" name="findById" finished-at="2020-04-07T19:56:33 EET" duration-ms="10" status="PASS">
          <reporter-output>
          </reporter-output>
        </test-method> <!-- findById -->
        <test-method is-config="true" signature="springTestContextAfterTestMethod(java.lang.reflect.Method)[pri:0, instance:com.team1.animalproject.integrationtest.VetRepositoryIT@3df79197]" started-at="2020-04-07T19:56:33 EET" name="springTestContextAfterTestMethod" finished-at="2020-04-07T19:56:33 EET" duration-ms="1" status="PASS">
          <params>
            <param index="0">
              <value>
                <![CDATA[public void com.team1.animalproject.integrationtest.VetRepositoryIT.findById()]]>
              </value>
            </param>
          </params>
          <reporter-output>
          </reporter-output>
        </test-method> <!-- springTestContextAfterTestMethod -->
        <test-method is-config="true" signature="springTestContextBeforeTestMethod(java.lang.reflect.Method)[pri:0, instance:com.team1.animalproject.integrationtest.VetRepositoryIT@3df79197]" started-at="2020-04-07T19:56:33 EET" name="springTestContextBeforeTestMethod" finished-at="2020-04-07T19:56:33 EET" duration-ms="3" status="PASS">
          <params>
            <param index="0">
              <value>
                <![CDATA[public void com.team1.animalproject.integrationtest.VetRepositoryIT.getAll()]]>
              </value>
            </param>
          </params>
          <reporter-output>
          </reporter-output>
        </test-method> <!-- springTestContextBeforeTestMethod -->
        <test-method signature="getAll()[pri:0, instance:com.team1.animalproject.integrationtest.VetRepositoryIT@3df79197]" started-at="2020-04-07T19:56:33 EET" name="getAll" finished-at="2020-04-07T19:56:33 EET" duration-ms="24" status="PASS">
          <reporter-output>
          </reporter-output>
        </test-method> <!-- getAll -->
        <test-method is-config="true" signature="springTestContextAfterTestMethod(java.lang.reflect.Method)[pri:0, instance:com.team1.animalproject.integrationtest.VetRepositoryIT@3df79197]" started-at="2020-04-07T19:56:33 EET" name="springTestContextAfterTestMethod" finished-at="2020-04-07T19:56:33 EET" duration-ms="1" status="PASS">
          <params>
            <param index="0">
              <value>
                <![CDATA[public void com.team1.animalproject.integrationtest.VetRepositoryIT.getAll()]]>
              </value>
            </param>
          </params>
          <reporter-output>
          </reporter-output>
        </test-method> <!-- springTestContextAfterTestMethod -->
        <test-method is-config="true" signature="springTestContextBeforeTestMethod(java.lang.reflect.Method)[pri:0, instance:com.team1.animalproject.integrationtest.VetRepositoryIT@3df79197]" started-at="2020-04-07T19:56:33 EET" name="springTestContextBeforeTestMethod" finished-at="2020-04-07T19:56:33 EET" duration-ms="3" status="PASS">
          <params>
            <param index="0">
              <value>
                <![CDATA[public void com.team1.animalproject.integrationtest.VetRepositoryIT.save()]]>
              </value>
            </param>
          </params>
          <reporter-output>
          </reporter-output>
        </test-method> <!-- springTestContextBeforeTestMethod -->
        <test-method signature="save()[pri:0, instance:com.team1.animalproject.integrationtest.VetRepositoryIT@3df79197]" started-at="2020-04-07T19:56:33 EET" name="save" finished-at="2020-04-07T19:56:33 EET" duration-ms="9" status="PASS">
          <reporter-output>
          </reporter-output>
        </test-method> <!-- save -->
        <test-method is-config="true" signature="springTestContextAfterTestMethod(java.lang.reflect.Method)[pri:0, instance:com.team1.animalproject.integrationtest.VetRepositoryIT@3df79197]" started-at="2020-04-07T19:56:33 EET" name="springTestContextAfterTestMethod" finished-at="2020-04-07T19:56:33 EET" duration-ms="1" status="PASS">
          <params>
            <param index="0">
              <value>
                <![CDATA[public void com.team1.animalproject.integrationtest.VetRepositoryIT.save()]]>
              </value>
            </param>
          </params>
          <reporter-output>
          </reporter-output>
        </test-method> <!-- springTestContextAfterTestMethod -->
        <test-method is-config="true" signature="springTestContextBeforeTestMethod(java.lang.reflect.Method)[pri:0, instance:com.team1.animalproject.integrationtest.VetRepositoryIT@3df79197]" started-at="2020-04-07T19:56:33 EET" name="springTestContextBeforeTestMethod" finished-at="2020-04-07T19:56:33 EET" duration-ms="2" status="PASS">
          <params>
            <param index="0">
              <value>
                <![CDATA[public void com.team1.animalproject.integrationtest.VetRepositoryIT.update()]]>
              </value>
            </param>
          </params>
          <reporter-output>
          </reporter-output>
        </test-method> <!-- springTestContextBeforeTestMethod -->
        <test-method signature="update()[pri:0, instance:com.team1.animalproject.integrationtest.VetRepositoryIT@3df79197]" started-at="2020-04-07T19:56:33 EET" name="update" finished-at="2020-04-07T19:56:33 EET" duration-ms="14" status="PASS">
          <reporter-output>
          </reporter-output>
        </test-method> <!-- update -->
        <test-method is-config="true" signature="springTestContextAfterTestMethod(java.lang.reflect.Method)[pri:0, instance:com.team1.animalproject.integrationtest.VetRepositoryIT@3df79197]" started-at="2020-04-07T19:56:33 EET" name="springTestContextAfterTestMethod" finished-at="2020-04-07T19:56:33 EET" duration-ms="1" status="PASS">
          <params>
            <param index="0">
              <value>
                <![CDATA[public void com.team1.animalproject.integrationtest.VetRepositoryIT.update()]]>
              </value>
            </param>
          </params>
          <reporter-output>
          </reporter-output>
        </test-method> <!-- springTestContextAfterTestMethod -->
        <test-method is-config="true" signature="springTestContextAfterTestClass()[pri:0, instance:com.team1.animalproject.integrationtest.VetRepositoryIT@3df79197]" started-at="2020-04-07T19:56:33 EET" name="springTestContextAfterTestClass" finished-at="2020-04-07T19:56:33 EET" duration-ms="0" status="PASS">
          <reporter-output>
          </reporter-output>
        </test-method> <!-- springTestContextAfterTestClass -->
      </class> <!-- com.team1.animalproject.integrationtest.VetRepositoryIT -->
      <class name="com.team1.animalproject.integrationtest.CinsRepositoryIT">
        <test-method is-config="true" signature="springTestContextBeforeTestClass()[pri:0, instance:com.team1.animalproject.integrationtest.CinsRepositoryIT@16575bfe]" started-at="2020-04-07T19:56:26 EET" name="springTestContextBeforeTestClass" finished-at="2020-04-07T19:56:26 EET" duration-ms="1" status="PASS">
          <reporter-output>
          </reporter-output>
        </test-method> <!-- springTestContextBeforeTestClass -->
        <test-method is-config="true" signature="springTestContextPrepareTestInstance()[pri:0, instance:com.team1.animalproject.integrationtest.CinsRepositoryIT@16575bfe]" started-at="2020-04-07T19:56:26 EET" name="springTestContextPrepareTestInstance" finished-at="2020-04-07T19:56:31 EET" depends-on-methods="org.springframework.test.context.testng.AbstractTestNGSpringContextTests.springTestContextBeforeTestClass" duration-ms="4704" status="PASS">
          <reporter-output>
          </reporter-output>
        </test-method> <!-- springTestContextPrepareTestInstance -->
        <test-method is-config="true" signature="springTestContextBeforeTestMethod(java.lang.reflect.Method)[pri:0, instance:com.team1.animalproject.integrationtest.CinsRepositoryIT@16575bfe]" started-at="2020-04-07T19:56:31 EET" name="springTestContextBeforeTestMethod" finished-at="2020-04-07T19:56:31 EET" duration-ms="0" status="PASS">
          <params>
            <param index="0">
              <value>
                <![CDATA[public void com.team1.animalproject.integrationtest.CinsRepositoryIT.ara()]]>
              </value>
            </param>
          </params>
          <reporter-output>
          </reporter-output>
        </test-method> <!-- springTestContextBeforeTestMethod -->
        <test-method signature="ara()[pri:0, instance:com.team1.animalproject.integrationtest.CinsRepositoryIT@16575bfe]" started-at="2020-04-07T19:56:31 EET" name="ara" finished-at="2020-04-07T19:56:31 EET" duration-ms="58" status="PASS">
          <reporter-output>
          </reporter-output>
        </test-method> <!-- ara -->
        <test-method is-config="true" signature="springTestContextAfterTestMethod(java.lang.reflect.Method)[pri:0, instance:com.team1.animalproject.integrationtest.CinsRepositoryIT@16575bfe]" started-at="2020-04-07T19:56:31 EET" name="springTestContextAfterTestMethod" finished-at="2020-04-07T19:56:31 EET" duration-ms="1" status="PASS">
          <params>
            <param index="0">
              <value>
                <![CDATA[public void com.team1.animalproject.integrationtest.CinsRepositoryIT.ara()]]>
              </value>
            </param>
          </params>
          <reporter-output>
          </reporter-output>
        </test-method> <!-- springTestContextAfterTestMethod -->
        <test-method is-config="true" signature="springTestContextBeforeTestMethod(java.lang.reflect.Method)[pri:0, instance:com.team1.animalproject.integrationtest.CinsRepositoryIT@16575bfe]" started-at="2020-04-07T19:56:31 EET" name="springTestContextBeforeTestMethod" finished-at="2020-04-07T19:56:31 EET" duration-ms="1" status="PASS">
          <params>
            <param index="0">
              <value>
                <![CDATA[public void com.team1.animalproject.integrationtest.CinsRepositoryIT.delete()]]>
              </value>
            </param>
          </params>
          <reporter-output>
          </reporter-output>
        </test-method> <!-- springTestContextBeforeTestMethod -->
        <test-method signature="delete()[pri:0, instance:com.team1.animalproject.integrationtest.CinsRepositoryIT@16575bfe]" started-at="2020-04-07T19:56:31 EET" name="delete" finished-at="2020-04-07T19:56:31 EET" duration-ms="18" status="PASS">
          <reporter-output>
          </reporter-output>
        </test-method> <!-- delete -->
        <test-method is-config="true" signature="springTestContextAfterTestMethod(java.lang.reflect.Method)[pri:0, instance:com.team1.animalproject.integrationtest.CinsRepositoryIT@16575bfe]" started-at="2020-04-07T19:56:31 EET" name="springTestContextAfterTestMethod" finished-at="2020-04-07T19:56:31 EET" duration-ms="1" status="PASS">
          <params>
            <param index="0">
              <value>
                <![CDATA[public void com.team1.animalproject.integrationtest.CinsRepositoryIT.delete()]]>
              </value>
            </param>
          </params>
          <reporter-output>
          </reporter-output>
        </test-method> <!-- springTestContextAfterTestMethod -->
        <test-method is-config="true" signature="springTestContextBeforeTestMethod(java.lang.reflect.Method)[pri:0, instance:com.team1.animalproject.integrationtest.CinsRepositoryIT@16575bfe]" started-at="2020-04-07T19:56:31 EET" name="springTestContextBeforeTestMethod" finished-at="2020-04-07T19:56:31 EET" duration-ms="3" status="PASS">
          <params>
            <param index="0">
              <value>
                <![CDATA[public void com.team1.animalproject.integrationtest.CinsRepositoryIT.findById()]]>
              </value>
            </param>
          </params>
          <reporter-output>
          </reporter-output>
        </test-method> <!-- springTestContextBeforeTestMethod -->
        <test-method signature="findById()[pri:0, instance:com.team1.animalproject.integrationtest.CinsRepositoryIT@16575bfe]" started-at="2020-04-07T19:56:31 EET" name="findById" finished-at="2020-04-07T19:56:31 EET" duration-ms="11" status="PASS">
          <reporter-output>
          </reporter-output>
        </test-method> <!-- findById -->
        <test-method is-config="true" signature="springTestContextAfterTestMethod(java.lang.reflect.Method)[pri:0, instance:com.team1.animalproject.integrationtest.CinsRepositoryIT@16575bfe]" started-at="2020-04-07T19:56:31 EET" name="springTestContextAfterTestMethod" finished-at="2020-04-07T19:56:31 EET" duration-ms="1" status="PASS">
          <params>
            <param index="0">
              <value>
                <![CDATA[public void com.team1.animalproject.integrationtest.CinsRepositoryIT.findById()]]>
              </value>
            </param>
          </params>
          <reporter-output>
          </reporter-output>
        </test-method> <!-- springTestContextAfterTestMethod -->
        <test-method is-config="true" signature="springTestContextBeforeTestMethod(java.lang.reflect.Method)[pri:0, instance:com.team1.animalproject.integrationtest.CinsRepositoryIT@16575bfe]" started-at="2020-04-07T19:56:31 EET" name="springTestContextBeforeTestMethod" finished-at="2020-04-07T19:56:31 EET" duration-ms="3" status="PASS">
          <params>
            <param index="0">
              <value>
                <![CDATA[public void com.team1.animalproject.integrationtest.CinsRepositoryIT.getAll()]]>
              </value>
            </param>
          </params>
          <reporter-output>
          </reporter-output>
        </test-method> <!-- springTestContextBeforeTestMethod -->
        <test-method signature="getAll()[pri:0, instance:com.team1.animalproject.integrationtest.CinsRepositoryIT@16575bfe]" started-at="2020-04-07T19:56:31 EET" name="getAll" finished-at="2020-04-07T19:56:31 EET" duration-ms="36" status="PASS">
          <reporter-output>
          </reporter-output>
        </test-method> <!-- getAll -->
        <test-method is-config="true" signature="springTestContextAfterTestMethod(java.lang.reflect.Method)[pri:0, instance:com.team1.animalproject.integrationtest.CinsRepositoryIT@16575bfe]" started-at="2020-04-07T19:56:31 EET" name="springTestContextAfterTestMethod" finished-at="2020-04-07T19:56:31 EET" duration-ms="1" status="PASS">
          <params>
            <param index="0">
              <value>
                <![CDATA[public void com.team1.animalproject.integrationtest.CinsRepositoryIT.getAll()]]>
              </value>
            </param>
          </params>
          <reporter-output>
          </reporter-output>
        </test-method> <!-- springTestContextAfterTestMethod -->
        <test-method is-config="true" signature="springTestContextBeforeTestMethod(java.lang.reflect.Method)[pri:0, instance:com.team1.animalproject.integrationtest.CinsRepositoryIT@16575bfe]" started-at="2020-04-07T19:56:31 EET" name="springTestContextBeforeTestMethod" finished-at="2020-04-07T19:56:31 EET" duration-ms="2" status="PASS">
          <params>
            <param index="0">
              <value>
                <![CDATA[public void com.team1.animalproject.integrationtest.CinsRepositoryIT.save()]]>
              </value>
            </param>
          </params>
          <reporter-output>
          </reporter-output>
        </test-method> <!-- springTestContextBeforeTestMethod -->
        <test-method signature="save()[pri:0, instance:com.team1.animalproject.integrationtest.CinsRepositoryIT@16575bfe]" started-at="2020-04-07T19:56:31 EET" name="save" finished-at="2020-04-07T19:56:31 EET" duration-ms="14" status="PASS">
          <reporter-output>
          </reporter-output>
        </test-method> <!-- save -->
        <test-method is-config="true" signature="springTestContextAfterTestMethod(java.lang.reflect.Method)[pri:0, instance:com.team1.animalproject.integrationtest.CinsRepositoryIT@16575bfe]" started-at="2020-04-07T19:56:31 EET" name="springTestContextAfterTestMethod" finished-at="2020-04-07T19:56:31 EET" duration-ms="1" status="PASS">
          <params>
            <param index="0">
              <value>
                <![CDATA[public void com.team1.animalproject.integrationtest.CinsRepositoryIT.save()]]>
              </value>
            </param>
          </params>
          <reporter-output>
          </reporter-output>
        </test-method> <!-- springTestContextAfterTestMethod -->
        <test-method is-config="true" signature="springTestContextBeforeTestMethod(java.lang.reflect.Method)[pri:0, instance:com.team1.animalproject.integrationtest.CinsRepositoryIT@16575bfe]" started-at="2020-04-07T19:56:31 EET" name="springTestContextBeforeTestMethod" finished-at="2020-04-07T19:56:31 EET" duration-ms="2" status="PASS">
          <params>
            <param index="0">
              <value>
                <![CDATA[public void com.team1.animalproject.integrationtest.CinsRepositoryIT.update()]]>
              </value>
            </param>
          </params>
          <reporter-output>
          </reporter-output>
        </test-method> <!-- springTestContextBeforeTestMethod -->
        <test-method signature="update()[pri:0, instance:com.team1.animalproject.integrationtest.CinsRepositoryIT@16575bfe]" started-at="2020-04-07T19:56:31 EET" name="update" finished-at="2020-04-07T19:56:31 EET" duration-ms="18" status="PASS">
          <reporter-output>
          </reporter-output>
        </test-method> <!-- update -->
        <test-method is-config="true" signature="springTestContextAfterTestMethod(java.lang.reflect.Method)[pri:0, instance:com.team1.animalproject.integrationtest.CinsRepositoryIT@16575bfe]" started-at="2020-04-07T19:56:31 EET" name="springTestContextAfterTestMethod" finished-at="2020-04-07T19:56:31 EET" duration-ms="0" status="PASS">
          <params>
            <param index="0">
              <value>
                <![CDATA[public void com.team1.animalproject.integrationtest.CinsRepositoryIT.update()]]>
              </value>
            </param>
          </params>
          <reporter-output>
          </reporter-output>
        </test-method> <!-- springTestContextAfterTestMethod -->
        <test-method is-config="true" signature="springTestContextAfterTestClass()[pri:0, instance:com.team1.animalproject.integrationtest.CinsRepositoryIT@16575bfe]" started-at="2020-04-07T19:56:31 EET" name="springTestContextAfterTestClass" finished-at="2020-04-07T19:56:31 EET" duration-ms="1" status="PASS">
          <reporter-output>
          </reporter-output>
        </test-method> <!-- springTestContextAfterTestClass -->
      </class> <!-- com.team1.animalproject.integrationtest.CinsRepositoryIT -->
      <class name="com.team1.animalproject.integrationtest.AnimalRepositoryIT">
        <test-method is-config="true" signature="springTestContextBeforeTestClass()[pri:0, instance:com.team1.animalproject.integrationtest.AnimalRepositoryIT@42c3b02e]" started-at="2020-04-07T19:56:09 EET" name="springTestContextBeforeTestClass" finished-at="2020-04-07T19:56:09 EET" duration-ms="45" status="PASS">
          <reporter-output>
          </reporter-output>
        </test-method> <!-- springTestContextBeforeTestClass -->
        <test-method is-config="true" signature="springTestContextPrepareTestInstance()[pri:0, instance:com.team1.animalproject.integrationtest.AnimalRepositoryIT@42c3b02e]" started-at="2020-04-07T19:56:09 EET" name="springTestContextPrepareTestInstance" finished-at="2020-04-07T19:56:24 EET" depends-on-methods="org.springframework.test.context.testng.AbstractTestNGSpringContextTests.springTestContextBeforeTestClass" duration-ms="15584" status="PASS">
          <reporter-output>
          </reporter-output>
        </test-method> <!-- springTestContextPrepareTestInstance -->
        <test-method is-config="true" signature="springTestContextBeforeTestMethod(java.lang.reflect.Method)[pri:0, instance:com.team1.animalproject.integrationtest.AnimalRepositoryIT@42c3b02e]" started-at="2020-04-07T19:56:24 EET" name="springTestContextBeforeTestMethod" finished-at="2020-04-07T19:56:24 EET" duration-ms="3" status="PASS">
          <params>
            <param index="0">
              <value>
                <![CDATA[public void com.team1.animalproject.integrationtest.AnimalRepositoryIT.ara()]]>
[...]
          <params>
            <param index="0">
              <value>
                <![CDATA[public void com.team1.animalproject.integrationtest.ShelterRepositoryIT.delete()]]>
              </value>
            </param>
          </params>
          <reporter-output>
          </reporter-output>
        </test-method> <!-- springTestContextBeforeTestMethod -->
        <test-method signature="delete()[pri:0, instance:com.team1.animalproject.integrationtest.ShelterRepositoryIT@5e8633da]" started-at="2020-04-07T19:56:33 EET" name="delete" finished-at="2020-04-07T19:56:33 EET" duration-ms="22" status="PASS">
          <reporter-output>
          </reporter-output>
        </test-method> <!-- delete -->
        <test-method is-config="true" signature="springTestContextAfterTestMethod(java.lang.reflect.Method)[pri:0, instance:com.team1.animalproject.integrationtest.ShelterRepositoryIT@5e8633da]" started-at="2020-04-07T19:56:33 EET" name="springTestContextAfterTestMethod" finished-at="2020-04-07T19:56:33 EET" duration-ms="1" status="PASS">
          <params>
            <param index="0">
              <value>
                <![CDATA[public void com.team1.animalproject.integrationtest.ShelterRepositoryIT.delete()]]>
              </value>
            </param>
          </params>
          <reporter-output>
          </reporter-output>
        </test-method> <!-- springTestContextAfterTestMethod -->
        <test-method is-config="true" signature="springTestContextBeforeTestMethod(java.lang.reflect.Method)[pri:0, instance:com.team1.animalproject.integrationtest.ShelterRepositoryIT@5e8633da]" started-at="2020-04-07T19:56:33 EET" name="springTestContextBeforeTestMethod" finished-at="2020-04-07T19:56:33 EET" duration-ms="4" status="PASS">
          <params>
            <param index="0">
              <value>
                <![CDATA[public void com.team1.animalproject.integrationtest.ShelterRepositoryIT.findById()]]>
              </value>
            </param>
          </params>
          <reporter-output>
          </reporter-output>
        </test-method> <!-- springTestContextBeforeTestMethod -->
        <test-method signature="findById()[pri:0, instance:com.team1.animalproject.integrationtest.ShelterRepositoryIT@5e8633da]" started-at="2020-04-07T19:56:33 EET" name="findById" finished-at="2020-04-07T19:56:33 EET" duration-ms="10" status="PASS">
          <reporter-output>
          </reporter-output>
        </test-method> <!-- findById -->
        <test-method is-config="true" signature="springTestContextAfterTestMethod(java.lang.reflect.Method)[pri:0, instance:com.team1.animalproject.integrationtest.ShelterRepositoryIT@5e8633da]" started-at="2020-04-07T19:56:33 EET" name="springTestContextAfterTestMethod" finished-at="2020-04-07T19:56:33 EET" duration-ms="1" status="PASS">
          <params>
            <param index="0">
              <value>
                <![CDATA[public void com.team1.animalproject.integrationtest.ShelterRepositoryIT.findById()]]>
              </value>
            </param>
          </params>
          <reporter-output>
          </reporter-output>
        </test-method> <!-- springTestContextAfterTestMethod -->
        <test-method is-config="true" signature="springTestContextBeforeTestMethod(java.lang.reflect.Method)[pri:0, instance:com.team1.animalproject.integrationtest.ShelterRepositoryIT@5e8633da]" started-at="2020-04-07T19:56:33 EET" name="springTestContextBeforeTestMethod" finished-at="2020-04-07T19:56:33 EET" duration-ms="4" status="PASS">
          <params>
            <param index="0">
              <value>
                <![CDATA[public void com.team1.animalproject.integrationtest.ShelterRepositoryIT.getAll()]]>
              </value>
            </param>
          </params>
          <reporter-output>
          </reporter-output>
        </test-method> <!-- springTestContextBeforeTestMethod -->
        <test-method signature="getAll()[pri:0, instance:com.team1.animalproject.integrationtest.ShelterRepositoryIT@5e8633da]" started-at="2020-04-07T19:56:33 EET" name="getAll" finished-at="2020-04-07T19:56:33 EET" duration-ms="26" status="PASS">
          <reporter-output>
          </reporter-output>
        </test-method> <!-- getAll -->
        <test-method is-config="true" signature="springTestContextAfterTestMethod(java.lang.reflect.Method)[pri:0, instance:com.team1.animalproject.integrationtest.ShelterRepositoryIT@5e8633da]" started-at="2020-04-07T19:56:33 EET" name="springTestContextAfterTestMethod" finished-at="2020-04-07T19:56:33 EET" duration-ms="0" status="PASS">
          <params>
            <param index="0">
              <value>
                <![CDATA[public void com.team1.animalproject.integrationtest.ShelterRepositoryIT.getAll()]]>
              </value>
            </param>
          </params>
          <reporter-output>
          </reporter-output>
        </test-method> <!-- springTestContextAfterTestMethod -->
        <test-method is-config="true" signature="springTestContextBeforeTestMethod(java.lang.reflect.Method)[pri:0, instance:com.team1.animalproject.integrationtest.ShelterRepositoryIT@5e8633da]" started-at="2020-04-07T19:56:33 EET" name="springTestContextBeforeTestMethod" finished-at="2020-04-07T19:56:33 EET" duration-ms="1" status="PASS">
          <params>
            <param index="0">
              <value>
                <![CDATA[public void com.team1.animalproject.integrationtest.ShelterRepositoryIT.save()]]>
              </value>
            </param>
          </params>
          <reporter-output>
          </reporter-output>
        </test-method> <!-- springTestContextBeforeTestMethod -->
        <test-method signature="save()[pri:0, instance:com.team1.animalproject.integrationtest.ShelterRepositoryIT@5e8633da]" started-at="2020-04-07T19:56:33 EET" name="save" finished-at="2020-04-07T19:56:33 EET" duration-ms="7" status="PASS">
          <reporter-output>
          </reporter-output>
        </test-method> <!-- save -->
        <test-method is-config="true" signature="springTestContextAfterTestMethod(java.lang.reflect.Method)[pri:0, instance:com.team1.animalproject.integrationtest.ShelterRepositoryIT@5e8633da]" started-at="2020-04-07T19:56:33 EET" name="springTestContextAfterTestMethod" finished-at="2020-04-07T19:56:33 EET" duration-ms="3" status="PASS">
          <params>
            <param index="0">
              <value>
                <![CDATA[public void com.team1.animalproject.integrationtest.ShelterRepositoryIT.save()]]>
              </value>
            </param>
          </params>
          <reporter-output>
          </reporter-output>
        </test-method> <!-- springTestContextAfterTestMethod -->
        <test-method is-config="true" signature="springTestContextBeforeTestMethod(java.lang.reflect.Method)[pri:0, instance:com.team1.animalproject.integrationtest.ShelterRepositoryIT@5e8633da]" started-at="2020-04-07T19:56:33 EET" name="springTestContextBeforeTestMethod" finished-at="2020-04-07T19:56:33 EET" duration-ms="2" status="PASS">
          <params>
            <param index="0">
              <value>
                <![CDATA[public void com.team1.animalproject.integrationtest.ShelterRepositoryIT.update()]]>
              </value>
            </param>
          </params>
          <reporter-output>
          </reporter-output>
        </test-method> <!-- springTestContextBeforeTestMethod -->
        <test-method signature="update()[pri:0, instance:com.team1.animalproject.integrationtest.ShelterRepositoryIT@5e8633da]" started-at="2020-04-07T19:56:33 EET" name="update" finished-at="2020-04-07T19:56:33 EET" duration-ms="17" status="PASS">
          <reporter-output>
          </reporter-output>
        </test-method> <!-- update -->
        <test-method is-config="true" signature="springTestContextAfterTestMethod(java.lang.reflect.Method)[pri:0, instance:com.team1.animalproject.integrationtest.ShelterRepositoryIT@5e8633da]" started-at="2020-04-07T19:56:33 EET" name="springTestContextAfterTestMethod" finished-at="2020-04-07T19:56:33 EET" duration-ms="1" status="PASS">
          <params>
            <param index="0">
              <value>
                <![CDATA[public void com.team1.animalproject.integrationtest.ShelterRepositoryIT.update()]]>
              </value>
            </param>
          </params>
          <reporter-output>
          </reporter-output>
        </test-method> <!-- springTestContextAfterTestMethod -->
        <test-method is-config="true" signature="springTestContextAfterTestClass()[pri:0, instance:com.team1.animalproject.integrationtest.ShelterRepositoryIT@5e8633da]" started-at="2020-04-07T19:56:33 EET" name="springTestContextAfterTestClass" finished-at="2020-04-07T19:56:33 EET" duration-ms="0" status="PASS">
          <reporter-output>
          </reporter-output>
        </test-method> <!-- springTestContextAfterTestClass -->
      </class> <!-- com.team1.animalproject.integrationtest.ShelterRepositoryIT -->
      <class name="com.team1.animalproject.integrationtest.RolYetkiRepositoryIT">
        <test-method is-config="true" signature="springTestContextBeforeTestClass()[pri:0, instance:com.team1.animalproject.integrationtest.RolYetkiRepositoryIT@1e79b0fc]" started-at="2020-04-07T19:56:32 EET" name="springTestContextBeforeTestClass" finished-at="2020-04-07T19:56:32 EET" duration-ms="1" status="PASS">
          <reporter-output>
          </reporter-output>
        </test-method> <!-- springTestContextBeforeTestClass -->
        <test-method is-config="true" signature="springTestContextPrepareTestInstance()[pri:0, instance:com.team1.animalproject.integrationtest.RolYetkiRepositoryIT@1e79b0fc]" started-at="2020-04-07T19:56:32 EET" name="springTestContextPrepareTestInstance" finished-at="2020-04-07T19:56:32 EET" depends-on-methods="org.springframework.test.context.testng.AbstractTestNGSpringContextTests.springTestContextBeforeTestClass" duration-ms="7" status="PASS">
          <reporter-output>
          </reporter-output>
        </test-method> <!-- springTestContextPrepareTestInstance -->
        <test-method is-config="true" signature="springTestContextBeforeTestMethod(java.lang.reflect.Method)[pri:0, instance:com.team1.animalproject.integrationtest.RolYetkiRepositoryIT@1e79b0fc]" started-at="2020-04-07T19:56:32 EET" name="springTestContextBeforeTestMethod" finished-at="2020-04-07T19:56:32 EET" duration-ms="0" status="PASS">
          <params>
            <param index="0">
              <value>
                <![CDATA[public void com.team1.animalproject.integrationtest.RolYetkiRepositoryIT.delete()]]>
              </value>
            </param>
          </params>
          <reporter-output>
          </reporter-output>
        </test-method> <!-- springTestContextBeforeTestMethod -->
        <test-method signature="delete()[pri:0, instance:com.team1.animalproject.integrationtest.RolYetkiRepositoryIT@1e79b0fc]" started-at="2020-04-07T19:56:32 EET" name="delete" finished-at="2020-04-07T19:56:32 EET" duration-ms="20" status="PASS">
          <reporter-output>
          </reporter-output>
        </test-method> <!-- delete -->
        <test-method is-config="true" signature="springTestContextAfterTestMethod(java.lang.reflect.Method)[pri:0, instance:com.team1.animalproject.integrationtest.RolYetkiRepositoryIT@1e79b0fc]" started-at="2020-04-07T19:56:32 EET" name="springTestContextAfterTestMethod" finished-at="2020-04-07T19:56:32 EET" duration-ms="0" status="PASS">
          <params>
            <param index="0">
              <value>
                <![CDATA[public void com.team1.animalproject.integrationtest.RolYetkiRepositoryIT.delete()]]>
              </value>
            </param>
          </params>
          <reporter-output>
          </reporter-output>
        </test-method> <!-- springTestContextAfterTestMethod -->
        <test-method is-config="true" signature="springTestContextBeforeTestMethod(java.lang.reflect.Method)[pri:0, instance:com.team1.animalproject.integrationtest.RolYetkiRepositoryIT@1e79b0fc]" started-at="2020-04-07T19:56:32 EET" name="springTestContextBeforeTestMethod" finished-at="2020-04-07T19:56:32 EET" duration-ms="1" status="PASS">
          <params>
            <param index="0">
              <value>
                <![CDATA[public void com.team1.animalproject.integrationtest.RolYetkiRepositoryIT.findById()]]>
              </value>
            </param>
          </params>
          <reporter-output>
          </reporter-output>
        </test-method> <!-- springTestContextBeforeTestMethod -->
        <test-method signature="findById()[pri:0, instance:com.team1.animalproject.integrationtest.RolYetkiRepositoryIT@1e79b0fc]" started-at="2020-04-07T19:56:32 EET" name="findById" finished-at="2020-04-07T19:56:32 EET" duration-ms="9" status="PASS">
          <reporter-output>
          </reporter-output>
        </test-method> <!-- findById -->
        <test-method is-config="true" signature="springTestContextAfterTestMethod(java.lang.reflect.Method)[pri:0, instance:com.team1.animalproject.integrationtest.RolYetkiRepositoryIT@1e79b0fc]" started-at="2020-04-07T19:56:32 EET" name="springTestContextAfterTestMethod" finished-at="2020-04-07T19:56:32 EET" duration-ms="0" status="PASS">
          <params>
            <param index="0">
              <value>
                <![CDATA[public void com.team1.animalproject.integrationtest.RolYetkiRepositoryIT.findById()]]>
              </value>
            </param>
          </params>
          <reporter-output>
          </reporter-output>
        </test-method> <!-- springTestContextAfterTestMethod -->
        <test-method is-config="true" signature="springTestContextBeforeTestMethod(java.lang.reflect.Method)[pri:0, instance:com.team1.animalproject.integrationtest.RolYetkiRepositoryIT@1e79b0fc]" started-at="2020-04-07T19:56:32 EET" name="springTestContextBeforeTestMethod" finished-at="2020-04-07T19:56:32 EET" duration-ms="2" status="PASS">
          <params>
            <param index="0">
              <value>
                <![CDATA[public void com.team1.animalproject.integrationtest.RolYetkiRepositoryIT.getAll()]]>
              </value>
            </param>
          </params>
          <reporter-output>
          </reporter-output>
        </test-method> <!-- springTestContextBeforeTestMethod -->
        <test-method signature="getAll()[pri:0, instance:com.team1.animalproject.integrationtest.RolYetkiRepositoryIT@1e79b0fc]" started-at="2020-04-07T19:56:32 EET" name="getAll" finished-at="2020-04-07T19:56:32 EET" duration-ms="21" status="PASS">
          <reporter-output>
          </reporter-output>
        </test-method> <!-- getAll -->
        <test-method is-config="true" signature="springTestContextAfterTestMethod(java.lang.reflect.Method)[pri:0, instance:com.team1.animalproject.integrationtest.RolYetkiRepositoryIT@1e79b0fc]" started-at="2020-04-07T19:56:32 EET" name="springTestContextAfterTestMethod" finished-at="2020-04-07T19:56:32 EET" duration-ms="1" status="PASS">
          <params>
            <param index="0">
              <value>
                <![CDATA[public void com.team1.animalproject.integrationtest.RolYetkiRepositoryIT.getAll()]]>
              </value>
            </param>
          </params>
          <reporter-output>
          </reporter-output>
        </test-method> <!-- springTestContextAfterTestMethod -->
        <test-method is-config="true" signature="springTestContextBeforeTestMethod(java.lang.reflect.Method)[pri:0, instance:com.team1.animalproject.integrationtest.RolYetkiRepositoryIT@1e79b0fc]" started-at="2020-04-07T19:56:32 EET" name="springTestContextBeforeTestMethod" finished-at="2020-04-07T19:56:32 EET" duration-ms="2" status="PASS">
          <params>
            <param index="0">
              <value>
                <![CDATA[public void com.team1.animalproject.integrationtest.RolYetkiRepositoryIT.save()]]>
              </value>
            </param>
          </params>
          <reporter-output>
          </reporter-output>
        </test-method> <!-- springTestContextBeforeTestMethod -->
        <test-method signature="save()[pri:0, instance:com.team1.animalproject.integrationtest.RolYetkiRepositoryIT@1e79b0fc]" started-at="2020-04-07T19:56:32 EET" name="save" finished-at="2020-04-07T19:56:32 EET" duration-ms="9" status="PASS">
          <reporter-output>
          </reporter-output>
        </test-method> <!-- save -->
        <test-method is-config="true" signature="springTestContextAfterTestMethod(java.lang.reflect.Method)[pri:0, instance:com.team1.animalproject.integrationtest.RolYetkiRepositoryIT@1e79b0fc]" started-at="2020-04-07T19:56:32 EET" name="springTestContextAfterTestMethod" finished-at="2020-04-07T19:56:32 EET" duration-ms="0" status="PASS">
          <params>
            <param index="0">
              <value>
                <![CDATA[public void com.team1.animalproject.integrationtest.RolYetkiRepositoryIT.save()]]>
              </value>
            </param>
          </params>
          <reporter-output>
          </reporter-output>
        </test-method> <!-- springTestContextAfterTestMethod -->
        <test-method is-config="true" signature="springTestContextBeforeTestMethod(java.lang.reflect.Method)[pri:0, instance:com.team1.animalproject.integrationtest.RolYetkiRepositoryIT@1e79b0fc]" started-at="2020-04-07T19:56:32 EET" name="springTestContextBeforeTestMethod" finished-at="2020-04-07T19:56:32 EET" duration-ms="2" status="PASS">
          <params>
            <param index="0">
              <value>
                <![CDATA[public void com.team1.animalproject.integrationtest.RolYetkiRepositoryIT.update()]]>
              </value>
            </param>
          </params>
          <reporter-output>
          </reporter-output>
        </test-method> <!-- springTestContextBeforeTestMethod -->
        <test-method signature="update()[pri:0, instance:com.team1.animalproject.integrationtest.RolYetkiRepositoryIT@1e79b0fc]" started-at="2020-04-07T19:56:32 EET" name="update" finished-at="2020-04-07T19:56:33 EET" duration-ms="14" status="PASS">
          <reporter-output>
          </reporter-output>
        </test-method> <!-- update -->
        <test-method is-config="true" signature="springTestContextAfterTestMethod(java.lang.reflect.Method)[pri:0, instance:com.team1.animalproject.integrationtest.RolYetkiRepositoryIT@1e79b0fc]" started-at="2020-04-07T19:56:33 EET" name="springTestContextAfterTestMethod" finished-at="2020-04-07T19:56:33 EET" duration-ms="1" status="PASS">
          <params>
            <param index="0">
              <value>
                <![CDATA[public void com.team1.animalproject.integrationtest.RolYetkiRepositoryIT.update()]]>
              </value>
            </param>
          </params>
          <reporter-output>
          </reporter-output>
        </test-method> <!-- springTestContextAfterTestMethod -->
        <test-method is-config="true" signature="springTestContextAfterTestClass()[pri:0, instance:com.team1.animalproject.integrationtest.RolYetkiRepositoryIT@1e79b0fc]" started-at="2020-04-07T19:56:33 EET" name="springTestContextAfterTestClass" finished-at="2020-04-07T19:56:33 EET" duration-ms="1" status="PASS">
          <reporter-output>
          </reporter-output>
        </test-method> <!-- springTestContextAfterTestClass -->
      </class> <!-- com.team1.animalproject.integrationtest.RolYetkiRepositoryIT -->
    </test> <!-- Command line test -->
  </suite> <!-- Command line suite -->
</testng-results>
