<?xml version="1.0" encoding="UTF-8"?>
<testsuite name="TestSuite" time="3.837" tests="118" errors="0" skipped="0" failures="0">
  <properties>
[...]
</properties>
  <testcase name="ara" classname="com.team1.animalproject.integrationtest.AnimalRepositoryIT" time="0.901"/>
  <testcase name="delete" classname="com.team1.animalproject.integrationtest.AnimalRepositoryIT" time="0.089"/>
  <testcase name="findByIdIn" classname="com.team1.animalproject.integrationtest.AnimalRepositoryIT" time="0.071"/>
  <testcase name="getAll" classname="com.team1.animalproject.integrationtest.AnimalRepositoryIT" time="0.048"/>
  <testcase name="save" classname="com.team1.animalproject.integrationtest.AnimalRepositoryIT" time="0.018"/>
  <testcase name="sonYediGunIcinEklenenHayvanVerileriniGetir" classname="com.team1.animalproject.integrationtest.AnimalRepositoryIT" time="0.069"/>
  <testcase name="update" classname="com.team1.animalproject.integrationtest.AnimalRepositoryIT" time="0.032"/>
  <testcase name="delete" classname="com.team1.animalproject.integrationtest.BagisRepositoryIT" time="0.04"/>
  <testcase name="findById" classname="com.team1.animalproject.integrationtest.BagisRepositoryIT" time="0.02"/>
  <testcase name="getAll" classname="com.team1.animalproject.integrationtest.BagisRepositoryIT" time="0.032"/>
  <testcase name="save" classname="com.team1.animalproject.integrationtest.BagisRepositoryIT" time="0.015"/>
  <testcase name="update" classname="com.team1.animalproject.integrationtest.BagisRepositoryIT" time="0.025"/>
  <testcase name="ara" classname="com.team1.animalproject.integrationtest.CinsRepositoryIT" time="0.058"/>
  <testcase name="delete" classname="com.team1.animalproject.integrationtest.CinsRepositoryIT" time="0.018"/>
  <testcase name="findById" classname="com.team1.animalproject.integrationtest.CinsRepositoryIT" time="0.01"/>
  <testcase name="getAll" classname="com.team1.animalproject.integrationtest.CinsRepositoryIT" time="0.037"/>
  <testcase name="save" classname="com.team1.animalproject.integrationtest.CinsRepositoryIT" time="0.015"/>
  <testcase name="update" classname="com.team1.animalproject.integrationtest.CinsRepositoryIT" time="0.017"/>
  <testcase name="delete" classname="com.team1.animalproject.integrationtest.GercekKisiRepositoryIT" time="0.026"/>
  <testcase name="findById" classname="com.team1.animalproject.integrationtest.GercekKisiRepositoryIT" time="0.013"/>
  <testcase name="findByKimlikNo" classname="com.team1.animalproject.integrationtest.GercekKisiRepositoryIT" time="0.012"/>
  <testcase name="getAll" classname="com.team1.animalproject.integrationtest.GercekKisiRepositoryIT" time="0.031"/>
  <testcase name="save" classname="com.team1.animalproject.integrationtest.GercekKisiRepositoryIT" time="0.011"/>
  <testcase name="update" classname="com.team1.animalproject.integrationtest.GercekKisiRepositoryIT" time="0.013"/>
  <testcase name="ara" classname="com.team1.animalproject.integrationtest.IlacRepositoryIT" time="0.028"/>
  <testcase name="delete" classname="com.team1.animalproject.integrationtest.IlacRepositoryIT" time="0.017"/>
  <testcase name="findById" classname="com.team1.animalproject.integrationtest.IlacRepositoryIT" time="0.009"/>
  <testcase name="getAll" classname="com.team1.animalproject.integrationtest.IlacRepositoryIT" time="0.023"/>
  <testcase name="save" classname="com.team1.animalproject.integrationtest.IlacRepositoryIT" time="0.013"/>
  <testcase name="update" classname="com.team1.animalproject.integrationtest.IlacRepositoryIT" time="0.02"/>
  <testcase name="delete" classname="com.team1.animalproject.integrationtest.IpfsIDRepositoryIT" time="0.029"/>
  <testcase name="findById" classname="com.team1.animalproject.integrationtest.IpfsIDRepositoryIT" time="0.014"/>
  <testcase name="getAll" classname="com.team1.animalproject.integrationtest.IpfsIDRepositoryIT" time="0.034"/>
  <testcase name="save" classname="com.team1.animalproject.integrationtest.IpfsIDRepositoryIT" time="0.011"/>
  <testcase name="update" classname="com.team1.animalproject.integrationtest.IpfsIDRepositoryIT" time="0.027"/>
  <testcase name="delete" classname="com.team1.animalproject.integrationtest.KullaniciRolRepositoryIT" time="0.028"/>
  <testcase name="findById" classname="com.team1.animalproject.integrationtest.KullaniciRolRepositoryIT" time="0.012"/>
  <testcase name="getAll" classname="com.team1.animalproject.integrationtest.KullaniciRolRepositoryIT" time="0.029"/>
  <testcase name="save" classname="com.team1.animalproject.integrationtest.KullaniciRolRepositoryIT" time="0.012"/>
  <testcase name="update" classname="com.team1.animalproject.integrationtest.KullaniciRolRepositoryIT" time="0.014"/>
  <testcase name="delete" classname="com.team1.animalproject.integrationtest.PetShopAnimalRepositoryIT" time="0.021"/>
  <testcase name="findById" classname="com.team1.animalproject.integrationtest.PetShopAnimalRepositoryIT" time="0.011"/>
  <testcase name="getAll" classname="com.team1.animalproject.integrationtest.PetShopAnimalRepositoryIT" time="0.027"/>
  <testcase name="save" classname="com.team1.animalproject.integrationtest.PetShopAnimalRepositoryIT" time="0.013"/>
  <testcase name="update" classname="com.team1.animalproject.integrationtest.PetShopAnimalRepositoryIT" time="0.019"/>
  <testcase name="delete" classname="com.team1.animalproject.integrationtest.PetShopRepositoryIT" time="0.03"/>
  <testcase name="findById" classname="com.team1.animalproject.integrationtest.PetShopRepositoryIT" time="0.011"/>
  <testcase name="getAll" classname="com.team1.animalproject.integrationtest.PetShopRepositoryIT" time="0.028"/>
  <testcase name="save" classname="com.team1.animalproject.integrationtest.PetShopRepositoryIT" time="0.012"/>
  <testcase name="update" classname="com.team1.animalproject.integrationtest.PetShopRepositoryIT" time="0.019"/>
  <testcase name="delete" classname="com.team1.animalproject.integrationtest.PetShopWorkerRepositoryIT" time="0.031"/>
  <testcase name="findById" classname="com.team1.animalproject.integrationtest.PetShopWorkerRepositoryIT" time="0.014"/>
  <testcase name="getAll" classname="com.team1.animalproject.integrationtest.PetShopWorkerRepositoryIT" time="0.03"/>
  <testcase name="save" classname="com.team1.animalproject.integrationtest.PetShopWorkerRepositoryIT" time="0.015"/>
  <testcase name="update" classname="com.team1.animalproject.integrationtest.PetShopWorkerRepositoryIT" time="0.018"/>
  <testcase name="delete" classname="com.team1.animalproject.integrationtest.RolRepositoryIT" time="0.021"/>
  <testcase name="findById" classname="com.team1.animalproject.integrationtest.RolRepositoryIT" time="0.01"/>
  <testcase name="getAll" classname="com.team1.animalproject.integrationtest.RolRepositoryIT" time="0.02"/>
  <testcase name="save" classname="com.team1.animalproject.integrationtest.RolRepositoryIT" time="0.013"/>
  <testcase name="update" classname="com.team1.animalproject.integrationtest.RolRepositoryIT" time="0.015"/>
  <testcase name="delete" classname="com.team1.animalproject.integrationtest.RolYetkiRepositoryIT" time="0.02"/>
  <testcase name="findById" classname="com.team1.animalproject.integrationtest.RolYetkiRepositoryIT" time="0.009"/>
  <testcase name="getAll" classname="com.team1.animalproject.integrationtest.RolYetkiRepositoryIT" time="0.02"/>
  <testcase name="save" classname="com.team1.animalproject.integrationtest.RolYetkiRepositoryIT" time="0.009"/>
  <testcase name="update" classname="com.team1.animalproject.integrationtest.RolYetkiRepositoryIT" time="0.015"/>
  <testcase name="delete" classname="com.team1.animalproject.integrationtest.ShelterAnimalRepositoryIT" time="0.018"/>
  <testcase name="findById" classname="com.team1.animalproject.integrationtest.ShelterAnimalRepositoryIT" time="0.01"/>
  <testcase name="getAll" classname="com.team1.animalproject.integrationtest.ShelterAnimalRepositoryIT" time="0.019"/>
  <testcase name="save" classname="com.team1.animalproject.integrationtest.ShelterAnimalRepositoryIT" time="0.009"/>
  <testcase name="update" classname="com.team1.animalproject.integrationtest.ShelterAnimalRepositoryIT" time="0.014"/>
  <testcase name="delete" classname="com.team1.animalproject.integrationtest.ShelterRepositoryIT" time="0.022"/>
  <testcase name="findById" classname="com.team1.animalproject.integrationtest.ShelterRepositoryIT" time="0.011"/>
  <testcase name="getAll" classname="com.team1.animalproject.integrationtest.ShelterRepositoryIT" time="0.026"/>
  <testcase name="save" classname="com.team1.animalproject.integrationtest.ShelterRepositoryIT" time="0.007"/>
  <testcase name="update" classname="com.team1.animalproject.integrationtest.ShelterRepositoryIT" time="0.016"/>
  <testcase name="delete" classname="com.team1.animalproject.integrationtest.ShelterWorkerRepositoryIT" time="0.023"/>
  <testcase name="findById" classname="com.team1.animalproject.integrationtest.ShelterWorkerRepositoryIT" time="0.011"/>
  <testcase name="getAll" classname="com.team1.animalproject.integrationtest.ShelterWorkerRepositoryIT" time="0.029"/>
  <testcase name="save" classname="com.team1.animalproject.integrationtest.ShelterWorkerRepositoryIT" time="0.022"/>
  <testcase name="update" classname="com.team1.animalproject.integrationtest.ShelterWorkerRepositoryIT" time="0.024"/>
  <testcase name="ara" classname="com.team1.animalproject.integrationtest.TurRepositoryIT" time="0.024"/>
  <testcase name="getAll" classname="com.team1.animalproject.integrationtest.TurRepositoryIT" time="0.044"/>
  <testcase name="save" classname="com.team1.animalproject.integrationtest.TurRepositoryIT" time="0.014"/>
  <testcase name="delete" classname="com.team1.animalproject.integrationtest.UserRepositoryIT" time="0.028"/>
  <testcase name="findById" classname="com.team1.animalproject.integrationtest.UserRepositoryIT" time="0.011"/>
  <testcase name="getAll" classname="com.team1.animalproject.integrationtest.UserRepositoryIT" time="0.023"/>
  <testcase name="save" classname="com.team1.animalproject.integrationtest.UserRepositoryIT" time="0.011"/>
  <testcase name="update" classname="com.team1.animalproject.integrationtest.UserRepositoryIT" time="0.016"/>
  <testcase name="delete" classname="com.team1.animalproject.integrationtest.VetRepositoryIT" time="0.024"/>
  <testcase name="findById" classname="com.team1.animalproject.integrationtest.VetRepositoryIT" time="0.009"/>
  <testcase name="getAll" classname="com.team1.animalproject.integrationtest.VetRepositoryIT" time="0.025"/>
  <testcase name="save" classname="com.team1.animalproject.integrationtest.VetRepositoryIT" time="0.009"/>
  <testcase name="update" classname="com.team1.animalproject.integrationtest.VetRepositoryIT" time="0.015"/>
  <testcase name="delete" classname="com.team1.animalproject.integrationtest.YetkiRepositoryIT" time="0.015"/>
  <testcase name="findById" classname="com.team1.animalproject.integrationtest.YetkiRepositoryIT" time="0.008"/>
  <testcase name="getAll" classname="com.team1.animalproject.integrationtest.YetkiRepositoryIT" time="0.017"/>
  <testcase name="save" classname="com.team1.animalproject.integrationtest.YetkiRepositoryIT" time="0.008"/>
  <testcase name="update" classname="com.team1.animalproject.integrationtest.YetkiRepositoryIT" time="0.013"/>
  <testcase name="delete" classname="com.team1.animalproject.integrationtest.ZooAnimalRepositoryIT" time="0.023"/>
  <testcase name="findById" classname="com.team1.animalproject.integrationtest.ZooAnimalRepositoryIT" time="0.009"/>
  <testcase name="getAll" classname="com.team1.animalproject.integrationtest.ZooAnimalRepositoryIT" time="0.017"/>
  <testcase name="save" classname="com.team1.animalproject.integrationtest.ZooAnimalRepositoryIT" time="0.01"/>
  <testcase name="update" classname="com.team1.animalproject.integrationtest.ZooAnimalRepositoryIT" time="0.015"/>
  <testcase name="delete" classname="com.team1.animalproject.integrationtest.ZooRepositoryIT" time="0.018"/>
  <testcase name="findById" classname="com.team1.animalproject.integrationtest.ZooRepositoryIT" time="0.007"/>
  <testcase name="getAll" classname="com.team1.animalproject.integrationtest.ZooRepositoryIT" time="0.026"/>
  <testcase name="save" classname="com.team1.animalproject.integrationtest.ZooRepositoryIT" time="0.008"/>
  <testcase name="update" classname="com.team1.animalproject.integrationtest.ZooRepositoryIT" time="0.013"/>
  <testcase name="delete" classname="com.team1.animalproject.integrationtest.ZooWorkerRepositoryIT" time="0.02"/>
  <testcase name="findById" classname="com.team1.animalproject.integrationtest.ZooWorkerRepositoryIT" time="0.009"/>
  <testcase name="getAll" classname="com.team1.animalproject.integrationtest.ZooWorkerRepositoryIT" time="0.019"/>
  <testcase name="save" classname="com.team1.animalproject.integrationtest.ZooWorkerRepositoryIT" time="0.011"/>
  <testcase name="update" classname="com.team1.animalproject.integrationtest.ZooWorkerRepositoryIT" time="0.017"/>
  <testcase name="girisYap" classname="com.team1.animalproject.scenariotest.ScenarioIT" time="0.543"/>
  <testcase name="kayitIslemiBasariliMi" classname="com.team1.animalproject.scenariotest.ScenarioIT" time="0.005"/>
  <testcase name="setUp" classname="com.team1.animalproject.scenariotest.ScenarioIT" time="0.095"/>
  <testcase name="userDoldur" classname="com.team1.animalproject.scenariotest.ScenarioIT" time="0.002"/>
  <testcase name="userKaydet" classname="com.team1.animalproject.scenariotest.ScenarioIT" time="0.003"/>
</testsuite>